#
# There is insufficient memory for the Java Runtime Environment to continue.
# Native memory allocation (mmap) failed to map 30408704 bytes for G1 virtual space
# Possible reasons:
#   The system is out of physical RAM or swap space
#   The process is running with CompressedOops enabled, and the Java Heap may be blocking the growth of the native heap
# Possible solutions:
#   Reduce memory load on the system
#   Increase physical memory or swap space
#   Check if swap backing store is full
#   Decrease Java heap size (-Xmx/-Xms)
#   Decrease number of Java threads
#   Decrease Java thread stack sizes (-Xss)
#   Set larger code cache with -XX:ReservedCodeCacheSize=
#   JVM is running with Unscaled Compressed Oops mode in which the Java heap is
#     placed in the first 4GB address space. The Java Heap base address is the
#     maximum limit for the native heap growth. Please use -XX:HeapBaseMinAddress
#     to set the Java Heap base and to place the Java Heap above 4GB virtual address.
# This output file may be truncated or incomplete.
#
#  Out of Memory Error (os_windows.cpp:3528), pid=13060, tid=11936
#
# JRE version: Java(TM) SE Runtime Environment (20.0.1+9) (build 20.0.1+9-29)
# Java VM: Java HotSpot(TM) 64-Bit Server VM (20.0.1+9-29, mixed mode, sharing, tiered, compressed oops, compressed class ptrs, g1 gc, windows-amd64)
# No core dump will be written. Minidumps are not enabled by default on client versions of Windows
#

---------------  S U M M A R Y ------------

Command Line: -javaagent:C:\Program Files\JetBrains\IntelliJ IDEA Community Edition 2023.2\lib\idea_rt.jar=1107:C:\Program Files\JetBrains\IntelliJ IDEA Community Edition 2023.2\bin -Dfile.encoding=UTF-8 -Dsun.stdout.encoding=UTF-8 -Dsun.stderr.encoding=UTF-8 com.depotage.DepotageAppApplication

Host: Intel(R) Core(TM) i3-6006U CPU @ 2.00GHz, 4 cores, 3G,  Windows 10 , 64 bit Build 19041 (10.0.19041.3636)
Time: Sat Feb 17 14:13:39 2024 Greenwich elapsed time: 6501.846761 seconds (0d 1h 48m 21s)

---------------  T H R E A D  ---------------

Current thread (0x000002a788aae8e0):  VMThread "VM Thread" [stack: 0x000000d357e00000,0x000000d357f00000] [id=11936]

Stack: [0x000000d357e00000,0x000000d357f00000]
Native frames: (J=compiled Java code, j=interpreted, Vv=VM code, C=native code)
V  [jvm.dll+0x6bb95a]
V  [jvm.dll+0x8485fa]
V  [jvm.dll+0x84a1f5]
V  [jvm.dll+0x84a8f3]
V  [jvm.dll+0x280b0f]
V  [jvm.dll+0x6b86e9]
V  [jvm.dll+0x6ad2da]
V  [jvm.dll+0x35adf5]
V  [jvm.dll+0x363016]
V  [jvm.dll+0x3b3b3e]
V  [jvm.dll+0x3b3dc5]
V  [jvm.dll+0x32b50a]
V  [jvm.dll+0x32b5b7]
V  [jvm.dll+0x373942]
V  [jvm.dll+0x372140]
V  [jvm.dll+0x32ac51]
V  [jvm.dll+0x371836]
V  [jvm.dll+0x85023e]
V  [jvm.dll+0x851351]
V  [jvm.dll+0x851859]
V  [jvm.dll+0x851ad3]
V  [jvm.dll+0x7f4b56]
V  [jvm.dll+0x6ba5cb]
C  [ucrtbase.dll+0x21bb2]
C  [KERNEL32.DLL+0x17344]
C  [ntdll.dll+0x526b1]

VM_Operation (0x000000d3596fdc50): G1CollectForAllocation, mode: safepoint, requested by thread 0x000002a7aa213730


---------------  P R O C E S S  ---------------

Threads class SMR info:
_java_thread_list=0x000002a7ab9b27b0, length=31, elements={
0x000002a7a5401ac0, 0x000002a7a5402a60, 0x000002a7a5405910, 0x000002a7a5408900,
0x000002a7a540ab90, 0x000002a7a540c620, 0x000002a7a54130e0, 0x000002a7a541ac30,
0x000002a7a53dc550, 0x000002a7a9cc91e0, 0x000002a7a9cfa920, 0x000002a7aa213c80,
0x000002a7aa212c90, 0x000002a7aa2141d0, 0x000002a7aa210cb0, 0x000002a7aa211ca0,
0x000002a7aa213730, 0x000002a7aa211750, 0x000002a7aa212740, 0x000002a7aa2131e0,
0x000002a7aa2a1a90, 0x000002a7aa29dad0, 0x000002a7aa29e020, 0x000002a7aa29d030,
0x000002a7aa29cae0, 0x000002a7aa2a0ff0, 0x000002a7aa29d580, 0x000002a7aa29e570,
0x000002a7aa2a1540, 0x000002a7aa29b5a0, 0x000002a7aa29f560
}

Java Threads: ( => current thread )
  0x000002a7a5401ac0 JavaThread "Reference Handler" daemon [_thread_blocked, id=5544, stack(0x000000d357f00000,0x000000d358000000)]
  0x000002a7a5402a60 JavaThread "Finalizer" daemon [_thread_blocked, id=10780, stack(0x000000d358000000,0x000000d358100000)]
  0x000002a7a5405910 JavaThread "Signal Dispatcher" daemon [_thread_blocked, id=12452, stack(0x000000d358100000,0x000000d358200000)]
  0x000002a7a5408900 JavaThread "Attach Listener" daemon [_thread_blocked, id=8296, stack(0x000000d358200000,0x000000d358300000)]
  0x000002a7a540ab90 JavaThread "Service Thread" daemon [_thread_blocked, id=2252, stack(0x000000d358300000,0x000000d358400000)]
  0x000002a7a540c620 JavaThread "Monitor Deflation Thread" daemon [_thread_blocked, id=1348, stack(0x000000d358400000,0x000000d358500000)]
  0x000002a7a54130e0 JavaThread "C2 CompilerThread0" daemon [_thread_blocked, id=7808, stack(0x000000d358500000,0x000000d358600000)]
  0x000002a7a541ac30 JavaThread "C1 CompilerThread0" daemon [_thread_blocked, id=12228, stack(0x000000d358600000,0x000000d358700000)]
  0x000002a7a53dc550 JavaThread "Common-Cleaner" daemon [_thread_blocked, id=15708, stack(0x000000d358700000,0x000000d358800000)]
  0x000002a7a9cc91e0 JavaThread "Monitor Ctrl-Break" daemon [_thread_in_native, id=11864, stack(0x000000d358900000,0x000000d358a00000)]
  0x000002a7a9cfa920 JavaThread "Notification Thread" daemon [_thread_blocked, id=16228, stack(0x000000d358a00000,0x000000d358b00000)]
  0x000002a7aa213c80 JavaThread "mysql-cj-abandoned-connection-cleanup" daemon [_thread_blocked, id=8488, stack(0x000000d359000000,0x000000d359100000)]
  0x000002a7aa212c90 JavaThread "HikariPool-1 housekeeper" daemon [_thread_blocked, id=10680, stack(0x000000d359200000,0x000000d359300000)]
  0x000002a7aa2141d0 JavaThread "Catalina-utility-1" [_thread_blocked, id=14288, stack(0x000000d359300000,0x000000d359400000)]
  0x000002a7aa210cb0 JavaThread "Catalina-utility-2" [_thread_blocked, id=14788, stack(0x000000d359400000,0x000000d359500000)]
  0x000002a7aa211ca0 JavaThread "container-0" [_thread_blocked, id=11172, stack(0x000000d359500000,0x000000d359600000)]
  0x000002a7aa213730 JavaThread "File Watcher" daemon [_thread_blocked, id=7600, stack(0x000000d359600000,0x000000d359700000)]
  0x000002a7aa211750 JavaThread "Live Reload Server" daemon [_thread_in_native, id=4236, stack(0x000000d359800000,0x000000d359900000)]
  0x000002a7aa212740 JavaThread "http-nio-8080-exec-1" daemon [_thread_blocked, id=14568, stack(0x000000d359700000,0x000000d359800000)]
  0x000002a7aa2131e0 JavaThread "http-nio-8080-exec-2" daemon [_thread_blocked, id=15372, stack(0x000000d359900000,0x000000d359a00000)]
  0x000002a7aa2a1a90 JavaThread "http-nio-8080-exec-3" daemon [_thread_blocked, id=12432, stack(0x000000d359a00000,0x000000d359b00000)]
  0x000002a7aa29dad0 JavaThread "http-nio-8080-exec-4" daemon [_thread_blocked, id=5472, stack(0x000000d359b00000,0x000000d359c00000)]
  0x000002a7aa29e020 JavaThread "http-nio-8080-exec-5" daemon [_thread_blocked, id=5672, stack(0x000000d359c00000,0x000000d359d00000)]
  0x000002a7aa29d030 JavaThread "http-nio-8080-exec-6" daemon [_thread_blocked, id=14380, stack(0x000000d359d00000,0x000000d359e00000)]
  0x000002a7aa29cae0 JavaThread "http-nio-8080-exec-7" daemon [_thread_blocked, id=10040, stack(0x000000d359e00000,0x000000d359f00000)]
  0x000002a7aa2a0ff0 JavaThread "http-nio-8080-exec-8" daemon [_thread_blocked, id=11216, stack(0x000000d359f00000,0x000000d35a000000)]
  0x000002a7aa29d580 JavaThread "http-nio-8080-exec-9" daemon [_thread_blocked, id=9320, stack(0x000000d35a000000,0x000000d35a100000)]
  0x000002a7aa29e570 JavaThread "http-nio-8080-exec-10" daemon [_thread_blocked, id=12860, stack(0x000000d35a100000,0x000000d35a200000)]
  0x000002a7aa2a1540 JavaThread "http-nio-8080-Poller" daemon [_thread_blocked, id=14740, stack(0x000000d35a200000,0x000000d35a300000)]
  0x000002a7aa29b5a0 JavaThread "http-nio-8080-Acceptor" daemon [_thread_in_native, id=13656, stack(0x000000d35a300000,0x000000d35a400000)]
  0x000002a7aa29f560 JavaThread "DestroyJavaVM" [_thread_blocked, id=2848, stack(0x000000d357800000,0x000000d357900000)]

Other Threads:
=>0x000002a788aae8e0 VMThread "VM Thread" [stack: 0x000000d357e00000,0x000000d357f00000] [id=11936]
  0x000002a7a9b0cf50 WatcherThread "VM Periodic Task Thread" [stack: 0x000000d358b00000,0x000000d358c00000] [id=11588]
  0x000002a788a2fe20 WorkerThread "GC Thread#0" [stack: 0x000000d357900000,0x000000d357a00000] [id=8524]
  0x000002a7aa011910 WorkerThread "GC Thread#1" [stack: 0x000000d358c00000,0x000000d358d00000] [id=6736]
  0x000002a7aa0fe5b0 WorkerThread "GC Thread#2" [stack: 0x000000d358d00000,0x000000d358e00000] [id=6380]
  0x000002a7aa0fe880 WorkerThread "GC Thread#3" [stack: 0x000000d358e00000,0x000000d358f00000] [id=13772]
  0x000002a788a39b70 ConcurrentGCThread "G1 Main Marker" [stack: 0x000000d357a00000,0x000000d357b00000] [id=632]
  0x000002a788a3adf0 WorkerThread "G1 Conc#0" [stack: 0x000000d357b00000,0x000000d357c00000] [id=12724]
  0x000002a788a8d960 ConcurrentGCThread "G1 Refine#0" [stack: 0x000000d357c00000,0x000000d357d00000] [id=15636]
  0x000002a788a8e310 ConcurrentGCThread "G1 Service" [stack: 0x000000d357d00000,0x000000d357e00000] [id=13916]

Threads with active compile tasks:

VM state: at safepoint (normal execution)

VM Mutex/Monitor currently owned by a thread:  ([mutex/lock_event])
[0x000002a7889e9640] Threads_lock - owner thread: 0x000002a788aae8e0
[0x000002a7889ea600] Heap_lock - owner thread: 0x000002a7aa213730

Heap address: 0x00000000c1400000, size: 1004 MB, Compressed Oops mode: 32-bit

CDS archive(s) mapped at: [0x0000000800000000-0x0000000800c60000-0x0000000800c60000), size 12976128, SharedBaseAddress: 0x0000000800000000, ArchiveRelocationMode: 0.
Compressed class space mapped at: 0x0000000801000000-0x0000000841000000, reserved size: 1073741824
Narrow klass base: 0x0000000800000000, Narrow klass shift: 0, Narrow klass range: 0x100000000

GC Precious Log:
 CardTable entry size: 512
 Card Set container configuration: InlinePtr #cards 5 size 8 Array Of Cards #cards 12 size 40 Howl #buckets 4 coarsen threshold 1843 Howl Bitmap #cards 512 size 80 coarsen threshold 460 Card regions per heap region 1 cards per card region 2048
 CPUs: 4 total, 4 available
 Memory: 4012M
 Large Page Support: Disabled
 NUMA Support: Disabled
 Compressed Oops: Enabled (32-bit)
 Heap Region Size: 1M
 Heap Min Capacity: 8M
 Heap Initial Capacity: 64M
 Heap Max Capacity: 1004M
 Pre-touch: Disabled
 Parallel Workers: 4
 Concurrent Workers: 1
 Concurrent Refinement Workers: 4
 Periodic GC: Disabled

Heap:
 garbage-first heap   total 175104K, used 28796K [0x00000000c1400000, 0x0000000100000000)
  region size 1024K, 1 young (1024K), 1 survivors (1024K)
 Metaspace       used 73870K, committed 74816K, reserved 1114112K
  class space    used 9699K, committed 10112K, reserved 1048576K

Heap Regions: E=young(eden), S=young(survivor), O=old, HS=humongous(starts), HC=humongous(continues), CS=collection set, F=free, OA=open archive, CA=closed archive, TAMS=top-at-mark-start, PB=parsable bottom
|   0|0x00000000c1400000, 0x00000000c1500000, 0x00000000c1500000|100%|HS|  |TAMS 0x00000000c1400000| PB 0x00000000c1400000| Complete 
|   1|0x00000000c1500000, 0x00000000c1600000, 0x00000000c1600000|100%| O|  |TAMS 0x00000000c1500000| PB 0x00000000c1500000| Untracked 
|   2|0x00000000c1600000, 0x00000000c1700000, 0x00000000c1700000|100%| O|  |TAMS 0x00000000c1600000| PB 0x00000000c1600000| Untracked 
|   3|0x00000000c1700000, 0x00000000c1800000, 0x00000000c1800000|100%| O|  |TAMS 0x00000000c1700000| PB 0x00000000c1700000| Untracked 
|   4|0x00000000c1800000, 0x00000000c1900000, 0x00000000c1900000|100%| O|  |TAMS 0x00000000c1800000| PB 0x00000000c1800000| Untracked 
|   5|0x00000000c1900000, 0x00000000c1a00000, 0x00000000c1a00000|100%| O|  |TAMS 0x00000000c1900000| PB 0x00000000c1900000| Untracked 
|   6|0x00000000c1a00000, 0x00000000c1b00000, 0x00000000c1b00000|100%| O|  |TAMS 0x00000000c1a00000| PB 0x00000000c1a00000| Untracked 
|   7|0x00000000c1b00000, 0x00000000c1c00000, 0x00000000c1c00000|100%| O|  |TAMS 0x00000000c1b00000| PB 0x00000000c1b00000| Untracked 
|   8|0x00000000c1c00000, 0x00000000c1d00000, 0x00000000c1d00000|100%| O|  |TAMS 0x00000000c1c00000| PB 0x00000000c1c00000| Untracked 
|   9|0x00000000c1d00000, 0x00000000c1e00000, 0x00000000c1e00000|100%| O|  |TAMS 0x00000000c1d00000| PB 0x00000000c1d00000| Untracked 
|  10|0x00000000c1e00000, 0x00000000c1f00000, 0x00000000c1f00000|100%| O|  |TAMS 0x00000000c1e00000| PB 0x00000000c1e00000| Untracked 
|  11|0x00000000c1f00000, 0x00000000c1fd7a00, 0x00000000c2000000| 84%| O|  |TAMS 0x00000000c1f00000| PB 0x00000000c1f00000| Untracked 
|  12|0x00000000c2000000, 0x00000000c2100000, 0x00000000c2100000|100%| O|  |TAMS 0x00000000c2000000| PB 0x00000000c2000000| Untracked 
|  13|0x00000000c2100000, 0x00000000c2200000, 0x00000000c2200000|100%| O|  |TAMS 0x00000000c2100000| PB 0x00000000c2100000| Untracked 
|  14|0x00000000c2200000, 0x00000000c2200000, 0x00000000c2300000|  0%| F|  |TAMS 0x00000000c2200000| PB 0x00000000c2200000| Untracked 
|  15|0x00000000c2300000, 0x00000000c2400000, 0x00000000c2400000|100%| O|  |TAMS 0x00000000c2300000| PB 0x00000000c2300000| Untracked 
|  16|0x00000000c2400000, 0x00000000c2500000, 0x00000000c2500000|100%| O|  |TAMS 0x00000000c2400000| PB 0x00000000c2400000| Untracked 
|  17|0x00000000c2500000, 0x00000000c2600000, 0x00000000c2600000|100%| O|  |TAMS 0x00000000c2500000| PB 0x00000000c2500000| Untracked 
|  18|0x00000000c2600000, 0x00000000c2700000, 0x00000000c2700000|100%| O|  |TAMS 0x00000000c2600000| PB 0x00000000c2600000| Untracked 
|  19|0x00000000c2700000, 0x00000000c272c600, 0x00000000c2800000| 17%| O|  |TAMS 0x00000000c2700000| PB 0x00000000c2700000| Untracked 
|  20|0x00000000c2800000, 0x00000000c2900000, 0x00000000c2900000|100%| O|  |TAMS 0x00000000c2800000| PB 0x00000000c2800000| Untracked 
|  21|0x00000000c2900000, 0x00000000c2a00000, 0x00000000c2a00000|100%| O|  |TAMS 0x00000000c2900000| PB 0x00000000c2900000| Untracked 
|  22|0x00000000c2a00000, 0x00000000c2b00000, 0x00000000c2b00000|100%| O|  |TAMS 0x00000000c2a00000| PB 0x00000000c2a00000| Untracked 
|  23|0x00000000c2b00000, 0x00000000c2c00000, 0x00000000c2c00000|100%| O|  |TAMS 0x00000000c2b00000| PB 0x00000000c2b00000| Complete 
|  24|0x00000000c2c00000, 0x00000000c2d00000, 0x00000000c2d00000|100%| O|  |TAMS 0x00000000c2c00000| PB 0x00000000c2c00000| Untracked 
|  25|0x00000000c2d00000, 0x00000000c2e00000, 0x00000000c2e00000|100%| O|  |TAMS 0x00000000c2d00000| PB 0x00000000c2d00000| Untracked 
|  26|0x00000000c2e00000, 0x00000000c2f00000, 0x00000000c2f00000|100%| O|  |TAMS 0x00000000c2e00000| PB 0x00000000c2e00000| Untracked 
|  27|0x00000000c2f00000, 0x00000000c3000000, 0x00000000c3000000|100%| O|  |TAMS 0x00000000c2f00000| PB 0x00000000c2f00000| Untracked 
|  28|0x00000000c3000000, 0x00000000c3000000, 0x00000000c3100000|  0%| F|  |TAMS 0x00000000c3000000| PB 0x00000000c3000000| Untracked 
|  29|0x00000000c3100000, 0x00000000c3200000, 0x00000000c3200000|100%| O|  |TAMS 0x00000000c3100000| PB 0x00000000c3100000| Untracked 
|  30|0x00000000c3200000, 0x00000000c3300000, 0x00000000c3300000|100%| O|  |TAMS 0x00000000c3200000| PB 0x00000000c3200000| Untracked 
|  31|0x00000000c3300000, 0x00000000c3300000, 0x00000000c3400000|  0%| F|  |TAMS 0x00000000c3300000| PB 0x00000000c3300000| Untracked 
|  32|0x00000000c3400000, 0x00000000c3400000, 0x00000000c3500000|  0%| F|  |TAMS 0x00000000c3400000| PB 0x00000000c3400000| Untracked 
|  33|0x00000000c3500000, 0x00000000c3500000, 0x00000000c3600000|  0%| F|  |TAMS 0x00000000c3500000| PB 0x00000000c3500000| Untracked 
|  34|0x00000000c3600000, 0x00000000c3600000, 0x00000000c3700000|  0%| F|  |TAMS 0x00000000c3600000| PB 0x00000000c3600000| Untracked 
|  35|0x00000000c3700000, 0x00000000c3700000, 0x00000000c3800000|  0%| F|  |TAMS 0x00000000c3700000| PB 0x00000000c3700000| Untracked 
|  36|0x00000000c3800000, 0x00000000c3800000, 0x00000000c3900000|  0%| F|  |TAMS 0x00000000c3800000| PB 0x00000000c3800000| Untracked 
|  37|0x00000000c3900000, 0x00000000c3900000, 0x00000000c3a00000|  0%| F|  |TAMS 0x00000000c3900000| PB 0x00000000c3900000| Untracked 
|  38|0x00000000c3a00000, 0x00000000c3a00000, 0x00000000c3b00000|  0%| F|  |TAMS 0x00000000c3a00000| PB 0x00000000c3a00000| Untracked 
|  39|0x00000000c3b00000, 0x00000000c3b00000, 0x00000000c3c00000|  0%| F|  |TAMS 0x00000000c3b00000| PB 0x00000000c3b00000| Untracked 
|  40|0x00000000c3c00000, 0x00000000c3c00000, 0x00000000c3d00000|  0%| F|  |TAMS 0x00000000c3c00000| PB 0x00000000c3c00000| Untracked 
|  41|0x00000000c3d00000, 0x00000000c3d00000, 0x00000000c3e00000|  0%| F|  |TAMS 0x00000000c3d00000| PB 0x00000000c3d00000| Untracked 
|  42|0x00000000c3e00000, 0x00000000c3e00000, 0x00000000c3f00000|  0%| F|  |TAMS 0x00000000c3e00000| PB 0x00000000c3e00000| Untracked 
|  43|0x00000000c3f00000, 0x00000000c3f00000, 0x00000000c4000000|  0%| F|  |TAMS 0x00000000c3f00000| PB 0x00000000c3f00000| Untracked 
|  44|0x00000000c4000000, 0x00000000c4000000, 0x00000000c4100000|  0%| F|  |TAMS 0x00000000c4000000| PB 0x00000000c4000000| Untracked 
|  45|0x00000000c4100000, 0x00000000c4100000, 0x00000000c4200000|  0%| F|  |TAMS 0x00000000c4100000| PB 0x00000000c4100000| Untracked 
|  46|0x00000000c4200000, 0x00000000c4200000, 0x00000000c4300000|  0%| F|  |TAMS 0x00000000c4200000| PB 0x00000000c4200000| Untracked 
|  47|0x00000000c4300000, 0x00000000c4300000, 0x00000000c4400000|  0%| F|  |TAMS 0x00000000c4300000| PB 0x00000000c4300000| Untracked 
|  48|0x00000000c4400000, 0x00000000c4400000, 0x00000000c4500000|  0%| F|  |TAMS 0x00000000c4400000| PB 0x00000000c4400000| Untracked 
|  49|0x00000000c4500000, 0x00000000c4500000, 0x00000000c4600000|  0%| F|  |TAMS 0x00000000c4500000| PB 0x00000000c4500000| Untracked 
|  50|0x00000000c4600000, 0x00000000c4600000, 0x00000000c4700000|  0%| F|  |TAMS 0x00000000c4600000| PB 0x00000000c4600000| Untracked 
|  51|0x00000000c4700000, 0x00000000c4700000, 0x00000000c4800000|  0%| F|  |TAMS 0x00000000c4700000| PB 0x00000000c4700000| Untracked 
|  52|0x00000000c4800000, 0x00000000c4800000, 0x00000000c4900000|  0%| F|  |TAMS 0x00000000c4800000| PB 0x00000000c4800000| Untracked 
|  53|0x00000000c4900000, 0x00000000c4900000, 0x00000000c4a00000|  0%| F|  |TAMS 0x00000000c4900000| PB 0x00000000c4900000| Untracked 
|  54|0x00000000c4a00000, 0x00000000c4a00000, 0x00000000c4b00000|  0%| F|  |TAMS 0x00000000c4a00000| PB 0x00000000c4a00000| Untracked 
|  55|0x00000000c4b00000, 0x00000000c4b00000, 0x00000000c4c00000|  0%| F|  |TAMS 0x00000000c4b00000| PB 0x00000000c4b00000| Untracked 
|  56|0x00000000c4c00000, 0x00000000c4c00000, 0x00000000c4d00000|  0%| F|  |TAMS 0x00000000c4c00000| PB 0x00000000c4c00000| Untracked 
|  57|0x00000000c4d00000, 0x00000000c4d00000, 0x00000000c4e00000|  0%| F|  |TAMS 0x00000000c4d00000| PB 0x00000000c4d00000| Untracked 
|  58|0x00000000c4e00000, 0x00000000c4e00000, 0x00000000c4f00000|  0%| F|  |TAMS 0x00000000c4e00000| PB 0x00000000c4e00000| Untracked 
|  59|0x00000000c4f00000, 0x00000000c4f00000, 0x00000000c5000000|  0%| F|  |TAMS 0x00000000c4f00000| PB 0x00000000c4f00000| Untracked 
|  60|0x00000000c5000000, 0x00000000c5000000, 0x00000000c5100000|  0%| F|  |TAMS 0x00000000c5000000| PB 0x00000000c5000000| Untracked 
|  61|0x00000000c5100000, 0x00000000c5100000, 0x00000000c5200000|  0%| F|  |TAMS 0x00000000c5100000| PB 0x00000000c5100000| Untracked 
|  62|0x00000000c5200000, 0x00000000c5200000, 0x00000000c5300000|  0%| F|  |TAMS 0x00000000c5200000| PB 0x00000000c5200000| Untracked 
|  63|0x00000000c5300000, 0x00000000c5300000, 0x00000000c5400000|  0%| F|  |TAMS 0x00000000c5300000| PB 0x00000000c5300000| Untracked 
|  64|0x00000000c5400000, 0x00000000c5400000, 0x00000000c5500000|  0%| F|  |TAMS 0x00000000c5400000| PB 0x00000000c5400000| Untracked 
|  65|0x00000000c5500000, 0x00000000c5500000, 0x00000000c5600000|  0%| F|  |TAMS 0x00000000c5500000| PB 0x00000000c5500000| Untracked 
|  66|0x00000000c5600000, 0x00000000c5600000, 0x00000000c5700000|  0%| F|  |TAMS 0x00000000c5600000| PB 0x00000000c5600000| Untracked 
|  67|0x00000000c5700000, 0x00000000c5700000, 0x00000000c5800000|  0%| F|  |TAMS 0x00000000c5700000| PB 0x00000000c5700000| Untracked 
|  68|0x00000000c5800000, 0x00000000c5800000, 0x00000000c5900000|  0%| F|  |TAMS 0x00000000c5800000| PB 0x00000000c5800000| Untracked 
|  69|0x00000000c5900000, 0x00000000c5900000, 0x00000000c5a00000|  0%| F|  |TAMS 0x00000000c5900000| PB 0x00000000c5900000| Untracked 
|  70|0x00000000c5a00000, 0x00000000c5a00000, 0x00000000c5b00000|  0%| F|  |TAMS 0x00000000c5a00000| PB 0x00000000c5a00000| Untracked 
|  71|0x00000000c5b00000, 0x00000000c5b00000, 0x00000000c5c00000|  0%| F|  |TAMS 0x00000000c5b00000| PB 0x00000000c5b00000| Untracked 
|  72|0x00000000c5c00000, 0x00000000c5c00000, 0x00000000c5d00000|  0%| F|  |TAMS 0x00000000c5c00000| PB 0x00000000c5c00000| Untracked 
|  73|0x00000000c5d00000, 0x00000000c5d00000, 0x00000000c5e00000|  0%| F|  |TAMS 0x00000000c5d00000| PB 0x00000000c5d00000| Untracked 
|  74|0x00000000c5e00000, 0x00000000c5e00000, 0x00000000c5f00000|  0%| F|  |TAMS 0x00000000c5e00000| PB 0x00000000c5e00000| Untracked 
|  75|0x00000000c5f00000, 0x00000000c5f00000, 0x00000000c6000000|  0%| F|  |TAMS 0x00000000c5f00000| PB 0x00000000c5f00000| Untracked 
|  76|0x00000000c6000000, 0x00000000c6000000, 0x00000000c6100000|  0%| F|  |TAMS 0x00000000c6000000| PB 0x00000000c6000000| Untracked 
|  77|0x00000000c6100000, 0x00000000c6100000, 0x00000000c6200000|  0%| F|  |TAMS 0x00000000c6100000| PB 0x00000000c6100000| Untracked 
|  78|0x00000000c6200000, 0x00000000c6200000, 0x00000000c6300000|  0%| F|  |TAMS 0x00000000c6200000| PB 0x00000000c6200000| Untracked 
|  79|0x00000000c6300000, 0x00000000c6300000, 0x00000000c6400000|  0%| F|  |TAMS 0x00000000c6300000| PB 0x00000000c6300000| Untracked 
|  80|0x00000000c6400000, 0x00000000c6400000, 0x00000000c6500000|  0%| F|  |TAMS 0x00000000c6400000| PB 0x00000000c6400000| Untracked 
|  81|0x00000000c6500000, 0x00000000c6500000, 0x00000000c6600000|  0%| F|  |TAMS 0x00000000c6500000| PB 0x00000000c6500000| Untracked 
|  82|0x00000000c6600000, 0x00000000c6600000, 0x00000000c6700000|  0%| F|  |TAMS 0x00000000c6600000| PB 0x00000000c6600000| Untracked 
|  83|0x00000000c6700000, 0x00000000c6700000, 0x00000000c6800000|  0%| F|  |TAMS 0x00000000c6700000| PB 0x00000000c6700000| Untracked 
|  84|0x00000000c6800000, 0x00000000c6800000, 0x00000000c6900000|  0%| F|  |TAMS 0x00000000c6800000| PB 0x00000000c6800000| Untracked 
|  85|0x00000000c6900000, 0x00000000c6900000, 0x00000000c6a00000|  0%| F|  |TAMS 0x00000000c6900000| PB 0x00000000c6900000| Untracked 
|  86|0x00000000c6a00000, 0x00000000c6a00000, 0x00000000c6b00000|  0%| F|  |TAMS 0x00000000c6a00000| PB 0x00000000c6a00000| Untracked 
|  87|0x00000000c6b00000, 0x00000000c6b00000, 0x00000000c6c00000|  0%| F|  |TAMS 0x00000000c6b00000| PB 0x00000000c6b00000| Untracked 
|  88|0x00000000c6c00000, 0x00000000c6c00000, 0x00000000c6d00000|  0%| F|  |TAMS 0x00000000c6c00000| PB 0x00000000c6c00000| Untracked 
|  89|0x00000000c6d00000, 0x00000000c6d00000, 0x00000000c6e00000|  0%| F|  |TAMS 0x00000000c6d00000| PB 0x00000000c6d00000| Untracked 
|  90|0x00000000c6e00000, 0x00000000c6e00000, 0x00000000c6f00000|  0%| F|  |TAMS 0x00000000c6e00000| PB 0x00000000c6e00000| Untracked 
|  91|0x00000000c6f00000, 0x00000000c6f00000, 0x00000000c7000000|  0%| F|  |TAMS 0x00000000c6f00000| PB 0x00000000c6f00000| Untracked 
|  92|0x00000000c7000000, 0x00000000c7000000, 0x00000000c7100000|  0%| F|  |TAMS 0x00000000c7000000| PB 0x00000000c7000000| Untracked 
|  93|0x00000000c7100000, 0x00000000c7100000, 0x00000000c7200000|  0%| F|  |TAMS 0x00000000c7100000| PB 0x00000000c7100000| Untracked 
|  94|0x00000000c7200000, 0x00000000c7200000, 0x00000000c7300000|  0%| F|  |TAMS 0x00000000c7200000| PB 0x00000000c7200000| Untracked 
|  95|0x00000000c7300000, 0x00000000c731b210, 0x00000000c7400000| 10%| S|CS|TAMS 0x00000000c7300000| PB 0x00000000c7300000| Complete 
|  96|0x00000000c7400000, 0x00000000c7400000, 0x00000000c7500000|  0%| F|  |TAMS 0x00000000c7400000| PB 0x00000000c7400000| Untracked 
|  97|0x00000000c7500000, 0x00000000c7500000, 0x00000000c7600000|  0%| F|  |TAMS 0x00000000c7500000| PB 0x00000000c7500000| Untracked 
|  98|0x00000000c7600000, 0x00000000c7600000, 0x00000000c7700000|  0%| F|  |TAMS 0x00000000c7600000| PB 0x00000000c7600000| Untracked 
|  99|0x00000000c7700000, 0x00000000c7700000, 0x00000000c7800000|  0%| F|  |TAMS 0x00000000c7700000| PB 0x00000000c7700000| Untracked 
| 100|0x00000000c7800000, 0x00000000c7800000, 0x00000000c7900000|  0%| F|  |TAMS 0x00000000c7800000| PB 0x00000000c7800000| Untracked 
| 101|0x00000000c7900000, 0x00000000c7900000, 0x00000000c7a00000|  0%| F|  |TAMS 0x00000000c7900000| PB 0x00000000c7900000| Untracked 
| 102|0x00000000c7a00000, 0x00000000c7a00000, 0x00000000c7b00000|  0%| F|  |TAMS 0x00000000c7a00000| PB 0x00000000c7a00000| Untracked 
| 103|0x00000000c7b00000, 0x00000000c7b00000, 0x00000000c7c00000|  0%| F|  |TAMS 0x00000000c7b00000| PB 0x00000000c7b00000| Untracked 
| 104|0x00000000c7c00000, 0x00000000c7c00000, 0x00000000c7d00000|  0%| F|  |TAMS 0x00000000c7c00000| PB 0x00000000c7c00000| Untracked 
| 105|0x00000000c7d00000, 0x00000000c7d00000, 0x00000000c7e00000|  0%| F|  |TAMS 0x00000000c7d00000| PB 0x00000000c7d00000| Untracked 
| 106|0x00000000c7e00000, 0x00000000c7e00000, 0x00000000c7f00000|  0%| F|  |TAMS 0x00000000c7e00000| PB 0x00000000c7e00000| Untracked 
| 107|0x00000000c7f00000, 0x00000000c7f00000, 0x00000000c8000000|  0%| F|  |TAMS 0x00000000c7f00000| PB 0x00000000c7f00000| Untracked 
| 108|0x00000000c8000000, 0x00000000c8000000, 0x00000000c8100000|  0%| F|  |TAMS 0x00000000c8000000| PB 0x00000000c8000000| Untracked 
| 109|0x00000000c8100000, 0x00000000c8100000, 0x00000000c8200000|  0%| F|  |TAMS 0x00000000c8100000| PB 0x00000000c8100000| Untracked 
| 110|0x00000000c8200000, 0x00000000c8200000, 0x00000000c8300000|  0%| F|  |TAMS 0x00000000c8200000| PB 0x00000000c8200000| Untracked 
| 111|0x00000000c8300000, 0x00000000c8300000, 0x00000000c8400000|  0%| F|  |TAMS 0x00000000c8300000| PB 0x00000000c8300000| Untracked 
| 112|0x00000000c8400000, 0x00000000c8400000, 0x00000000c8500000|  0%| F|  |TAMS 0x00000000c8400000| PB 0x00000000c8400000| Untracked 
| 113|0x00000000c8500000, 0x00000000c8500000, 0x00000000c8600000|  0%| F|  |TAMS 0x00000000c8500000| PB 0x00000000c8500000| Untracked 
| 114|0x00000000c8600000, 0x00000000c8600000, 0x00000000c8700000|  0%| F|  |TAMS 0x00000000c8600000| PB 0x00000000c8600000| Untracked 
| 115|0x00000000c8700000, 0x00000000c8700000, 0x00000000c8800000|  0%| F|  |TAMS 0x00000000c8700000| PB 0x00000000c8700000| Untracked 
| 116|0x00000000c8800000, 0x00000000c8800000, 0x00000000c8900000|  0%| F|  |TAMS 0x00000000c8800000| PB 0x00000000c8800000| Untracked 
| 117|0x00000000c8900000, 0x00000000c8900000, 0x00000000c8a00000|  0%| F|  |TAMS 0x00000000c8900000| PB 0x00000000c8900000| Untracked 
| 118|0x00000000c8a00000, 0x00000000c8a00000, 0x00000000c8b00000|  0%| F|  |TAMS 0x00000000c8a00000| PB 0x00000000c8a00000| Untracked 
| 119|0x00000000c8b00000, 0x00000000c8b00000, 0x00000000c8c00000|  0%| F|  |TAMS 0x00000000c8b00000| PB 0x00000000c8b00000| Untracked 
| 120|0x00000000c8c00000, 0x00000000c8c00000, 0x00000000c8d00000|  0%| F|  |TAMS 0x00000000c8c00000| PB 0x00000000c8c00000| Untracked 
| 121|0x00000000c8d00000, 0x00000000c8d00000, 0x00000000c8e00000|  0%| F|  |TAMS 0x00000000c8d00000| PB 0x00000000c8d00000| Untracked 
| 122|0x00000000c8e00000, 0x00000000c8e00000, 0x00000000c8f00000|  0%| F|  |TAMS 0x00000000c8e00000| PB 0x00000000c8e00000| Untracked 
| 123|0x00000000c8f00000, 0x00000000c8f00000, 0x00000000c9000000|  0%| F|  |TAMS 0x00000000c8f00000| PB 0x00000000c8f00000| Untracked 
| 124|0x00000000c9000000, 0x00000000c9000000, 0x00000000c9100000|  0%| F|  |TAMS 0x00000000c9000000| PB 0x00000000c9000000| Untracked 
| 125|0x00000000c9100000, 0x00000000c9100000, 0x00000000c9200000|  0%| F|  |TAMS 0x00000000c9100000| PB 0x00000000c9100000| Untracked 
| 126|0x00000000c9200000, 0x00000000c9200000, 0x00000000c9300000|  0%| F|  |TAMS 0x00000000c9200000| PB 0x00000000c9200000| Untracked 
| 127|0x00000000c9300000, 0x00000000c9300000, 0x00000000c9400000|  0%| F|  |TAMS 0x00000000c9300000| PB 0x00000000c9300000| Untracked 
| 128|0x00000000c9400000, 0x00000000c9400000, 0x00000000c9500000|  0%| F|  |TAMS 0x00000000c9400000| PB 0x00000000c9400000| Untracked 
| 129|0x00000000c9500000, 0x00000000c9500000, 0x00000000c9600000|  0%| F|  |TAMS 0x00000000c9500000| PB 0x00000000c9500000| Untracked 
| 130|0x00000000c9600000, 0x00000000c9600000, 0x00000000c9700000|  0%| F|  |TAMS 0x00000000c9600000| PB 0x00000000c9600000| Untracked 
| 131|0x00000000c9700000, 0x00000000c9700000, 0x00000000c9800000|  0%| F|  |TAMS 0x00000000c9700000| PB 0x00000000c9700000| Untracked 
| 132|0x00000000c9800000, 0x00000000c9800000, 0x00000000c9900000|  0%| F|  |TAMS 0x00000000c9800000| PB 0x00000000c9800000| Untracked 
| 133|0x00000000c9900000, 0x00000000c9900000, 0x00000000c9a00000|  0%| F|  |TAMS 0x00000000c9900000| PB 0x00000000c9900000| Untracked 
| 134|0x00000000c9a00000, 0x00000000c9a00000, 0x00000000c9b00000|  0%| F|  |TAMS 0x00000000c9a00000| PB 0x00000000c9a00000| Untracked 
| 135|0x00000000c9b00000, 0x00000000c9b00000, 0x00000000c9c00000|  0%| F|  |TAMS 0x00000000c9b00000| PB 0x00000000c9b00000| Untracked 
| 136|0x00000000c9c00000, 0x00000000c9c00000, 0x00000000c9d00000|  0%| F|  |TAMS 0x00000000c9c00000| PB 0x00000000c9c00000| Untracked 
| 137|0x00000000c9d00000, 0x00000000c9d00000, 0x00000000c9e00000|  0%| F|  |TAMS 0x00000000c9d00000| PB 0x00000000c9d00000| Untracked 
| 138|0x00000000c9e00000, 0x00000000c9e00000, 0x00000000c9f00000|  0%| F|  |TAMS 0x00000000c9e00000| PB 0x00000000c9e00000| Untracked 
| 139|0x00000000c9f00000, 0x00000000c9f00000, 0x00000000ca000000|  0%| F|  |TAMS 0x00000000c9f00000| PB 0x00000000c9f00000| Untracked 
| 140|0x00000000ca000000, 0x00000000ca000000, 0x00000000ca100000|  0%| F|  |TAMS 0x00000000ca000000| PB 0x00000000ca000000| Untracked 
| 141|0x00000000ca100000, 0x00000000ca100000, 0x00000000ca200000|  0%| F|  |TAMS 0x00000000ca100000| PB 0x00000000ca100000| Untracked 
| 142|0x00000000ca200000, 0x00000000ca200000, 0x00000000ca300000|  0%| F|  |TAMS 0x00000000ca200000| PB 0x00000000ca200000| Untracked 
| 143|0x00000000ca300000, 0x00000000ca300000, 0x00000000ca400000|  0%| F|  |TAMS 0x00000000ca300000| PB 0x00000000ca300000| Untracked 
| 144|0x00000000ca400000, 0x00000000ca400000, 0x00000000ca500000|  0%| F|  |TAMS 0x00000000ca400000| PB 0x00000000ca400000| Untracked 
| 145|0x00000000ca500000, 0x00000000ca500000, 0x00000000ca600000|  0%| F|  |TAMS 0x00000000ca500000| PB 0x00000000ca500000| Untracked 
| 146|0x00000000ca600000, 0x00000000ca600000, 0x00000000ca700000|  0%| F|  |TAMS 0x00000000ca600000| PB 0x00000000ca600000| Untracked 
| 147|0x00000000ca700000, 0x00000000ca700000, 0x00000000ca800000|  0%| F|  |TAMS 0x00000000ca700000| PB 0x00000000ca700000| Untracked 
| 148|0x00000000ca800000, 0x00000000ca800000, 0x00000000ca900000|  0%| F|  |TAMS 0x00000000ca800000| PB 0x00000000ca800000| Untracked 
| 149|0x00000000ca900000, 0x00000000ca900000, 0x00000000caa00000|  0%| F|  |TAMS 0x00000000ca900000| PB 0x00000000ca900000| Untracked 
| 150|0x00000000caa00000, 0x00000000caa00000, 0x00000000cab00000|  0%| F|  |TAMS 0x00000000caa00000| PB 0x00000000caa00000| Untracked 
| 151|0x00000000cab00000, 0x00000000cab00000, 0x00000000cac00000|  0%| F|  |TAMS 0x00000000cab00000| PB 0x00000000cab00000| Untracked 
| 152|0x00000000cac00000, 0x00000000cac00000, 0x00000000cad00000|  0%| F|  |TAMS 0x00000000cac00000| PB 0x00000000cac00000| Untracked 
| 153|0x00000000cad00000, 0x00000000cad00000, 0x00000000cae00000|  0%| F|  |TAMS 0x00000000cad00000| PB 0x00000000cad00000| Untracked 
| 154|0x00000000cae00000, 0x00000000cae00000, 0x00000000caf00000|  0%| F|  |TAMS 0x00000000cae00000| PB 0x00000000cae00000| Untracked 
| 155|0x00000000caf00000, 0x00000000caf00000, 0x00000000cb000000|  0%| F|  |TAMS 0x00000000caf00000| PB 0x00000000caf00000| Untracked 
| 156|0x00000000cb000000, 0x00000000cb000000, 0x00000000cb100000|  0%| F|  |TAMS 0x00000000cb000000| PB 0x00000000cb000000| Untracked 
| 157|0x00000000cb100000, 0x00000000cb100000, 0x00000000cb200000|  0%| F|  |TAMS 0x00000000cb100000| PB 0x00000000cb100000| Untracked 
| 158|0x00000000cb200000, 0x00000000cb200000, 0x00000000cb300000|  0%| F|  |TAMS 0x00000000cb200000| PB 0x00000000cb200000| Untracked 
| 159|0x00000000cb300000, 0x00000000cb300000, 0x00000000cb400000|  0%| F|  |TAMS 0x00000000cb300000| PB 0x00000000cb300000| Untracked 
| 160|0x00000000cb400000, 0x00000000cb400000, 0x00000000cb500000|  0%| F|  |TAMS 0x00000000cb400000| PB 0x00000000cb400000| Untracked 
| 161|0x00000000cb500000, 0x00000000cb500000, 0x00000000cb600000|  0%| F|  |TAMS 0x00000000cb500000| PB 0x00000000cb500000| Untracked 
| 162|0x00000000cb600000, 0x00000000cb600000, 0x00000000cb700000|  0%| F|  |TAMS 0x00000000cb600000| PB 0x00000000cb600000| Untracked 
| 163|0x00000000cb700000, 0x00000000cb700000, 0x00000000cb800000|  0%| F|  |TAMS 0x00000000cb700000| PB 0x00000000cb700000| Untracked 
| 164|0x00000000cb800000, 0x00000000cb800000, 0x00000000cb900000|  0%| F|  |TAMS 0x00000000cb800000| PB 0x00000000cb800000| Untracked 
| 165|0x00000000cb900000, 0x00000000cb900000, 0x00000000cba00000|  0%| F|  |TAMS 0x00000000cb900000| PB 0x00000000cb900000| Untracked 
| 166|0x00000000cba00000, 0x00000000cba00000, 0x00000000cbb00000|  0%| F|  |TAMS 0x00000000cba00000| PB 0x00000000cba00000| Untracked 
| 167|0x00000000cbb00000, 0x00000000cbb00000, 0x00000000cbc00000|  0%| F|  |TAMS 0x00000000cbb00000| PB 0x00000000cbb00000| Untracked 
| 168|0x00000000cbc00000, 0x00000000cbc00000, 0x00000000cbd00000|  0%| F|  |TAMS 0x00000000cbc00000| PB 0x00000000cbc00000| Untracked 
| 169|0x00000000cbd00000, 0x00000000cbd00000, 0x00000000cbe00000|  0%| F|  |TAMS 0x00000000cbd00000| PB 0x00000000cbd00000| Untracked 
| 170|0x00000000cbe00000, 0x00000000cbe00000, 0x00000000cbf00000|  0%| F|  |TAMS 0x00000000cbe00000| PB 0x00000000cbe00000| Untracked 

Card table byte_map: [0x000002a7a1aa0000,0x000002a7a1ca0000] _byte_map_base: 0x000002a7a1496000

Marking Bits: (CMBitMap*) 0x000002a788a31370
 Bits: [0x000002a7a1ea0000, 0x000002a7a2e50000)

Polling page: 0x000002a788ab0000

Metaspace:

Usage:
  Non-class:     62.67 MB used.
      Class:      9.47 MB used.
       Both:     72.14 MB used.

Virtual space:
  Non-class space:       64.00 MB reserved,      63.19 MB ( 99%) committed,  1 nodes.
      Class space:        1.00 GB reserved,       9.88 MB ( <1%) committed,  1 nodes.
             Both:        1.06 GB reserved,      73.06 MB (  7%) committed. 

Chunk freelists:
   Non-Class:  305.00 KB
       Class:  2.30 MB
        Both:  2.60 MB

MaxMetaspaceSize: unlimited
CompressedClassSpaceSize: 1.00 GB
Initial GC threshold: 21.00 MB
Current GC threshold: 121.56 MB
CDS: on
MetaspaceReclaimPolicy: balanced
 - commit_granule_bytes: 65536.
 - commit_granule_words: 8192.
 - virtual_space_node_default_size: 8388608.
 - enlarge_chunks_in_place: 1.
 - new_chunks_are_fully_committed: 0.
 - uncommit_free_chunks: 1.
 - use_allocation_guard: 0.


Internal statistics:

num_allocs_failed_limit: 12.
num_arena_births: 1030.
num_arena_deaths: 356.
num_vsnodes_births: 2.
num_vsnodes_deaths: 0.
num_space_committed: 1169.
num_space_uncommitted: 0.
num_chunks_returned_to_freelist: 422.
num_chunks_taken_from_freelist: 3726.
num_chunk_merges: 106.
num_chunk_splits: 2603.
num_chunks_enlarged: 2001.
num_inconsistent_stats: 0.

CodeHeap 'non-profiled nmethods': size=120000Kb used=1258Kb max_used=3594Kb free=118742Kb
 bounds [0x000002a799d40000, 0x000002a79a0d0000, 0x000002a7a1270000]
CodeHeap 'profiled nmethods': size=120000Kb used=1724Kb max_used=12627Kb free=118276Kb
 bounds [0x000002a792270000, 0x000002a792ee0000, 0x000002a7997a0000]
CodeHeap 'non-nmethods': size=5760Kb used=1793Kb max_used=1843Kb free=3966Kb
 bounds [0x000002a7997a0000, 0x000002a799a10000, 0x000002a799d40000]
 total_blobs=2300 nmethods=1550 adapters=659
 compilation: enabled
              stopped_count=0, restarted_count=0
 full_count=0

Compilation events (20 events):
Event: 5500.016 Thread 0x000002a7a54130e0 9551       4       jdk.internal.module.Resources::toPackageName (39 bytes)
Event: 5500.274 Thread 0x000002a7a54130e0 nmethod 9551 0x000002a799dd7710 code [0x000002a799dd78c0, 0x000002a799dd84b8]
Event: 5500.276 Thread 0x000002a7a54130e0 9552   !   4       jdk.internal.loader.BuiltinClassLoader::findMiscResource (122 bytes)
Event: 5501.045 Thread 0x000002a7a54130e0 nmethod 9552 0x000002a799e41f10 code [0x000002a799e42360, 0x000002a799e47008]
Event: 5531.998 Thread 0x000002a7a54130e0 9553       4       org.apache.coyote.AbstractProtocol$$Lambda$1541/0x0000000801916608::run (8 bytes)
Event: 5532.388 Thread 0x000002a7a54130e0 nmethod 9553 0x000002a799dd6f10 code [0x000002a799dd7080, 0x000002a799dd73a0]
Event: 5625.718 Thread 0x000002a7a54130e0 9554       4       sun.nio.ch.SelectorImpl::select (35 bytes)
Event: 5637.562 Thread 0x000002a7a54130e0 nmethod 9554 0x000002a799dc3e10 code [0x000002a799dc4240, 0x000002a799dc6ba8]
Event: 5637.599 Thread 0x000002a7a54130e0 9555   !   4       sun.nio.ch.WEPollSelectorImpl::doSelect (132 bytes)
Event: 5638.155 Thread 0x000002a7a54130e0 nmethod 9555 0x000002a799de8d10 code [0x000002a799de9120, 0x000002a799deb808]
Event: 5828.702 Thread 0x000002a7a54130e0 9556       4       org.springframework.boot.devtools.filewatch.FileSystemWatcher$Watcher::getCurrentSnapshots (63 bytes)
Event: 5831.847 Thread 0x000002a7a54130e0 nmethod 9556 0x000002a799d86210 code [0x000002a799d86500, 0x000002a799d88ef0]
Event: 5831.893 Thread 0x000002a7a54130e0 9557       4       org.springframework.boot.devtools.filewatch.FileSystemWatcher$Watcher::scan (63 bytes)
Event: 5832.040 Thread 0x000002a7a54130e0 nmethod 9557 0x000002a799dc9b90 code [0x000002a799dc9d40, 0x000002a799dc9f40]
Event: 5893.291 Thread 0x000002a7a541ac30 9558       3       com.zaxxer.hikari.util.ConcurrentBag::getWaitingThreadCount (8 bytes)
Event: 5893.761 Thread 0x000002a7a541ac30 nmethod 9558 0x000002a792e7e190 code [0x000002a792e7e320, 0x000002a792e7e450]
Event: 6420.527 Thread 0x000002a7a541ac30 9559       3       org.springframework.boot.autoconfigure.web.embedded.TomcatWebServerFactoryCustomizer$$Lambda$730/0x00000008013b6e28::lifecycleEvent (13 bytes)
Event: 6421.626 Thread 0x000002a7a541ac30 nmethod 9559 0x000002a792e7e890 code [0x000002a792e7ea20, 0x000002a792e7eb60]
Event: 6480.716 Thread 0x000002a7a541ac30 9563  s!   3       org.apache.catalina.core.StandardContext::backgroundProcess (203 bytes)
Event: 6481.058 Thread 0x000002a7a541ac30 nmethod 9563 0x000002a792758b90 code [0x000002a792758f60, 0x000002a79275adf8]

GC Heap History (20 events):
Event: 5758.029 GC heap after
{Heap after GC invocations=90 (full 0):
 garbage-first heap   total 106496K, used 29108K [0x00000000c1400000, 0x0000000100000000)
  region size 1024K, 1 young (1024K), 1 survivors (1024K)
 Metaspace       used 73870K, committed 74816K, reserved 1114112K
  class space    used 9699K, committed 10112K, reserved 1048576K
}
Event: 5829.139 GC heap before
{Heap before GC invocations=91 (full 0):
 garbage-first heap   total 106496K, used 33204K [0x00000000c1400000, 0x0000000100000000)
  region size 1024K, 5 young (5120K), 1 survivors (1024K)
 Metaspace       used 73870K, committed 74816K, reserved 1114112K
  class space    used 9699K, committed 10112K, reserved 1048576K
}
Event: 5829.147 GC heap after
{Heap after GC invocations=92 (full 0):
 garbage-first heap   total 106496K, used 29094K [0x00000000c1400000, 0x0000000100000000)
  region size 1024K, 1 young (1024K), 1 survivors (1024K)
 Metaspace       used 73870K, committed 74816K, reserved 1114112K
  class space    used 9699K, committed 10112K, reserved 1048576K
}
Event: 5901.353 GC heap before
{Heap before GC invocations=92 (full 0):
 garbage-first heap   total 106496K, used 33190K [0x00000000c1400000, 0x0000000100000000)
  region size 1024K, 5 young (5120K), 1 survivors (1024K)
 Metaspace       used 73870K, committed 74816K, reserved 1114112K
  class space    used 9699K, committed 10112K, reserved 1048576K
}
Event: 5903.674 GC heap after
{Heap after GC invocations=93 (full 0):
 garbage-first heap   total 106496K, used 29083K [0x00000000c1400000, 0x0000000100000000)
  region size 1024K, 1 young (1024K), 1 survivors (1024K)
 Metaspace       used 73870K, committed 74816K, reserved 1114112K
  class space    used 9699K, committed 10112K, reserved 1048576K
}
Event: 5974.875 GC heap before
{Heap before GC invocations=93 (full 0):
 garbage-first heap   total 106496K, used 33179K [0x00000000c1400000, 0x0000000100000000)
  region size 1024K, 5 young (5120K), 1 survivors (1024K)
 Metaspace       used 73870K, committed 74816K, reserved 1114112K
  class space    used 9699K, committed 10112K, reserved 1048576K
}
Event: 5976.909 GC heap after
{Heap after GC invocations=94 (full 0):
 garbage-first heap   total 128000K, used 28898K [0x00000000c1400000, 0x0000000100000000)
  region size 1024K, 1 young (1024K), 1 survivors (1024K)
 Metaspace       used 73870K, committed 74816K, reserved 1114112K
  class space    used 9699K, committed 10112K, reserved 1048576K
}
Event: 6065.712 GC heap before
{Heap before GC invocations=94 (full 0):
 garbage-first heap   total 128000K, used 34018K [0x00000000c1400000, 0x0000000100000000)
  region size 1024K, 6 young (6144K), 1 survivors (1024K)
 Metaspace       used 73870K, committed 74816K, reserved 1114112K
  class space    used 9699K, committed 10112K, reserved 1048576K
}
Event: 6065.914 GC heap after
{Heap after GC invocations=95 (full 0):
 garbage-first heap   total 128000K, used 28897K [0x00000000c1400000, 0x0000000100000000)
  region size 1024K, 1 young (1024K), 1 survivors (1024K)
 Metaspace       used 73870K, committed 74816K, reserved 1114112K
  class space    used 9699K, committed 10112K, reserved 1048576K
}
Event: 6138.296 GC heap before
{Heap before GC invocations=96 (full 0):
 garbage-first heap   total 106496K, used 32993K [0x00000000c1400000, 0x0000000100000000)
  region size 1024K, 5 young (5120K), 1 survivors (1024K)
 Metaspace       used 73870K, committed 74816K, reserved 1114112K
  class space    used 9699K, committed 10112K, reserved 1048576K
}
Event: 6140.028 GC heap after
{Heap after GC invocations=97 (full 0):
 garbage-first heap   total 106496K, used 28896K [0x00000000c1400000, 0x0000000100000000)
  region size 1024K, 1 young (1024K), 1 survivors (1024K)
 Metaspace       used 73870K, committed 74816K, reserved 1114112K
  class space    used 9699K, committed 10112K, reserved 1048576K
}
Event: 6212.310 GC heap before
{Heap before GC invocations=97 (full 0):
 garbage-first heap   total 106496K, used 32992K [0x00000000c1400000, 0x0000000100000000)
  region size 1024K, 5 young (5120K), 1 survivors (1024K)
 Metaspace       used 73870K, committed 74816K, reserved 1114112K
  class space    used 9699K, committed 10112K, reserved 1048576K
}
Event: 6212.408 GC heap after
{Heap after GC invocations=98 (full 0):
 garbage-first heap   total 106496K, used 28902K [0x00000000c1400000, 0x0000000100000000)
  region size 1024K, 1 young (1024K), 1 survivors (1024K)
 Metaspace       used 73870K, committed 74816K, reserved 1114112K
  class space    used 9699K, committed 10112K, reserved 1048576K
}
Event: 6283.496 GC heap before
{Heap before GC invocations=98 (full 0):
 garbage-first heap   total 106496K, used 32998K [0x00000000c1400000, 0x0000000100000000)
  region size 1024K, 5 young (5120K), 1 survivors (1024K)
 Metaspace       used 73870K, committed 74816K, reserved 1114112K
  class space    used 9699K, committed 10112K, reserved 1048576K
}
Event: 6284.025 GC heap after
{Heap after GC invocations=99 (full 0):
 garbage-first heap   total 106496K, used 28806K [0x00000000c1400000, 0x0000000100000000)
  region size 1024K, 1 young (1024K), 1 survivors (1024K)
 Metaspace       used 73870K, committed 74816K, reserved 1114112K
  class space    used 9699K, committed 10112K, reserved 1048576K
}
Event: 6356.039 GC heap before
{Heap before GC invocations=99 (full 0):
 garbage-first heap   total 106496K, used 32902K [0x00000000c1400000, 0x0000000100000000)
  region size 1024K, 5 young (5120K), 1 survivors (1024K)
 Metaspace       used 73870K, committed 74816K, reserved 1114112K
  class space    used 9699K, committed 10112K, reserved 1048576K
}
Event: 6356.216 GC heap after
{Heap after GC invocations=100 (full 0):
 garbage-first heap   total 106496K, used 28797K [0x00000000c1400000, 0x0000000100000000)
  region size 1024K, 1 young (1024K), 1 survivors (1024K)
 Metaspace       used 73870K, committed 74816K, reserved 1114112K
  class space    used 9699K, committed 10112K, reserved 1048576K
}
Event: 6427.282 GC heap before
{Heap before GC invocations=101 (full 0):
 garbage-first heap   total 102400K, used 32893K [0x00000000c1400000, 0x0000000100000000)
  region size 1024K, 5 young (5120K), 1 survivors (1024K)
 Metaspace       used 73870K, committed 74816K, reserved 1114112K
  class space    used 9699K, committed 10112K, reserved 1048576K
}
Event: 6428.446 GC heap after
{Heap after GC invocations=102 (full 0):
 garbage-first heap   total 102400K, used 28771K [0x00000000c1400000, 0x0000000100000000)
  region size 1024K, 1 young (1024K), 1 survivors (1024K)
 Metaspace       used 73870K, committed 74816K, reserved 1114112K
  class space    used 9699K, committed 10112K, reserved 1048576K
}
Event: 6500.521 GC heap before
{Heap before GC invocations=102 (full 0):
 garbage-first heap   total 102400K, used 32867K [0x00000000c1400000, 0x0000000100000000)
  region size 1024K, 5 young (5120K), 1 survivors (1024K)
 Metaspace       used 73870K, committed 74816K, reserved 1114112K
  class space    used 9699K, committed 10112K, reserved 1048576K
}

Dll operation events (14 events):
Event: 0.040 Loaded shared library C:\Program Files\Java\jdk-20\bin\java.dll
Event: 0.071 Loaded shared library C:\Program Files\Java\jdk-20\bin\jsvml.dll
Event: 0.408 Loaded shared library C:\Program Files\Java\jdk-20\bin\zip.dll
Event: 0.416 Loaded shared library C:\Program Files\Java\jdk-20\bin\instrument.dll
Event: 0.434 Loaded shared library C:\Program Files\Java\jdk-20\bin\net.dll
Event: 0.438 Loaded shared library C:\Program Files\Java\jdk-20\bin\nio.dll
Event: 0.442 Loaded shared library C:\Program Files\Java\jdk-20\bin\zip.dll
Event: 0.846 Loaded shared library C:\Program Files\JetBrains\IntelliJ IDEA Community Edition 2023.2\bin\breakgen64.dll
Event: 0.895 Loaded shared library C:\Program Files\Java\jdk-20\bin\extnet.dll
Event: 0.981 Loaded shared library C:\Program Files\Java\jdk-20\bin\jimage.dll
Event: 2.125 Loaded shared library C:\Program Files\Java\jdk-20\bin\management.dll
Event: 2.129 Loaded shared library C:\Program Files\Java\jdk-20\bin\management_ext.dll
Event: 4.845 Loaded shared library C:\Program Files\Java\jdk-20\bin\sunmscapi.dll
Event: 13.228 Loaded shared library C:\Program Files\Java\jdk-20\bin\verify.dll

Deoptimization events (20 events):
Event: 5331.528 Thread 0x000002a7aa29a060 DEOPT PACKING pc=0x000002a7928ec46e sp=0x000000d3576fd700
Event: 5331.528 Thread 0x000002a7aa29a060 DEOPT UNPACKING pc=0x000002a79980a4c2 sp=0x000000d3576fcb80 mode 0
Event: 5400.974 Thread 0x000002a7aa210cb0 Uncommon trap: trap_request=0xffffffbe fr.pc=0x000002a799dd0d10 relative=0x0000000000000370
Event: 5400.974 Thread 0x000002a7aa210cb0 Uncommon trap: reason=profile_predicate action=maybe_recompile pc=0x000002a799dd0d10 method=java.util.concurrent.ConcurrentHashMap$Traverser.advance()Ljava/util/concurrent/ConcurrentHashMap$Node; @ 15 c2
Event: 5400.974 Thread 0x000002a7aa210cb0 DEOPT PACKING pc=0x000002a799dd0d10 sp=0x000000d3594fed60
Event: 5400.974 Thread 0x000002a7aa210cb0 DEOPT UNPACKING pc=0x000002a799809d22 sp=0x000000d3594feab8 mode 2
Event: 5401.959 Thread 0x000002a7aa210cb0 Uncommon trap: trap_request=0xffffffbe fr.pc=0x000002a799dd0d10 relative=0x0000000000000370
Event: 5401.959 Thread 0x000002a7aa210cb0 Uncommon trap: reason=profile_predicate action=maybe_recompile pc=0x000002a799dd0d10 method=java.util.concurrent.ConcurrentHashMap$Traverser.advance()Ljava/util/concurrent/ConcurrentHashMap$Node; @ 15 c2
Event: 5401.959 Thread 0x000002a7aa210cb0 DEOPT PACKING pc=0x000002a799dd0d10 sp=0x000000d3594fed60
Event: 5401.970 Thread 0x000002a7aa210cb0 DEOPT UNPACKING pc=0x000002a799809d22 sp=0x000000d3594feab8 mode 2
Event: 5403.007 Thread 0x000002a7aa210cb0 Uncommon trap: trap_request=0xffffffbe fr.pc=0x000002a799dd0d10 relative=0x0000000000000370
Event: 5403.007 Thread 0x000002a7aa210cb0 Uncommon trap: reason=profile_predicate action=maybe_recompile pc=0x000002a799dd0d10 method=java.util.concurrent.ConcurrentHashMap$Traverser.advance()Ljava/util/concurrent/ConcurrentHashMap$Node; @ 15 c2
Event: 5403.007 Thread 0x000002a7aa210cb0 DEOPT PACKING pc=0x000002a799dd0d10 sp=0x000000d3594fed60
Event: 5403.007 Thread 0x000002a7aa210cb0 DEOPT UNPACKING pc=0x000002a799809d22 sp=0x000000d3594feab8 mode 2
Event: 5403.962 Thread 0x000002a7aa210cb0 Uncommon trap: trap_request=0xffffffbe fr.pc=0x000002a799dd0d10 relative=0x0000000000000370
Event: 5403.963 Thread 0x000002a7aa210cb0 Uncommon trap: reason=profile_predicate action=maybe_recompile pc=0x000002a799dd0d10 method=java.util.concurrent.ConcurrentHashMap$Traverser.advance()Ljava/util/concurrent/ConcurrentHashMap$Node; @ 15 c2
Event: 5403.963 Thread 0x000002a7aa210cb0 DEOPT PACKING pc=0x000002a799dd0d10 sp=0x000000d3594fed60
Event: 5403.963 Thread 0x000002a7aa210cb0 DEOPT UNPACKING pc=0x000002a799809d22 sp=0x000000d3594feab8 mode 2
Event: 5407.002 Thread 0x000002a7aa29f010 DEOPT PACKING pc=0x000002a792279ac6 sp=0x000000d3576feb30
Event: 5407.002 Thread 0x000002a7aa29f010 DEOPT UNPACKING pc=0x000002a79980a4c2 sp=0x000000d3576fdfc8 mode 0

Classes loaded (20 events):
Event: 163.751 Loading class java/io/PushbackInputStream
Event: 163.761 Loading class java/io/PushbackInputStream done
Event: 163.769 Loading class org/w3c/dom/Node
Event: 163.776 Loading class org/w3c/dom/Node done
Event: 163.776 Loading class org/w3c/dom/Document
Event: 163.792 Loading class org/w3c/dom/Document done
Event: 164.509 Loading class jdk/internal/reflect/MethodHandleBooleanFieldAccessorImpl
Event: 164.536 Loading class jdk/internal/reflect/MethodHandleBooleanFieldAccessorImpl done
Event: 165.966 Loading class java/util/stream/LongStream
Event: 165.971 Loading class java/util/stream/LongStream done
Event: 165.971 Loading class java/util/stream/DoubleStream
Event: 165.979 Loading class java/util/stream/DoubleStream done
Event: 1782.876 Loading class sun/security/ssl/Alert
Event: 1784.149 Loading class sun/security/ssl/Alert done
Event: 1784.338 Loading class sun/security/ssl/Alert$AlertConsumer
Event: 1784.776 Loading class sun/security/ssl/Alert$AlertConsumer done
Event: 1784.787 Loading class sun/security/ssl/Alert$Level
Event: 1784.821 Loading class sun/security/ssl/Alert$Level done
Event: 1784.883 Loading class sun/net/ConnectionResetException
Event: 1784.917 Loading class sun/net/ConnectionResetException done

Classes unloaded (20 events):
Event: 1870.439 Thread 0x000002a788aae8e0 Unloading class 0x0000000801488400 'java/lang/invoke/LambdaForm$MH+0x0000000801488400'
Event: 1870.440 Thread 0x000002a788aae8e0 Unloading class 0x0000000801488000 'java/lang/invoke/LambdaForm$MH+0x0000000801488000'
Event: 1870.441 Thread 0x000002a788aae8e0 Unloading class 0x00000008013ccc00 'java/lang/invoke/LambdaForm$MH+0x00000008013ccc00'
Event: 1870.442 Thread 0x000002a788aae8e0 Unloading class 0x00000008013cc800 'java/lang/invoke/LambdaForm$MH+0x00000008013cc800'
Event: 1870.442 Thread 0x000002a788aae8e0 Unloading class 0x00000008013cc400 'java/lang/invoke/LambdaForm$MH+0x00000008013cc400'
Event: 1870.443 Thread 0x000002a788aae8e0 Unloading class 0x000000080137e800 'java/lang/invoke/LambdaForm$MH+0x000000080137e800'
Event: 1870.444 Thread 0x000002a788aae8e0 Unloading class 0x000000080137c400 'java/lang/invoke/LambdaForm$MH+0x000000080137c400'
Event: 1870.445 Thread 0x000002a788aae8e0 Unloading class 0x0000000801360800 'java/lang/invoke/LambdaForm$MH+0x0000000801360800'
Event: 1870.445 Thread 0x000002a788aae8e0 Unloading class 0x0000000801346000 'java/lang/invoke/LambdaForm$MH+0x0000000801346000'
Event: 1870.446 Thread 0x000002a788aae8e0 Unloading class 0x0000000801345800 'java/lang/invoke/LambdaForm$BMH+0x0000000801345800'
Event: 1870.447 Thread 0x000002a788aae8e0 Unloading class 0x00000008011a0000 'java/lang/invoke/LambdaForm$MH+0x00000008011a0000'
Event: 1870.448 Thread 0x000002a788aae8e0 Unloading class 0x00000008010bc000 'java/lang/invoke/LambdaForm$MH+0x00000008010bc000'
Event: 1870.448 Thread 0x000002a788aae8e0 Unloading class 0x000000080103a800 'java/lang/invoke/LambdaForm$MH+0x000000080103a800'
Event: 1870.450 Thread 0x000002a788aae8e0 Unloading class 0x0000000801039800 'java/lang/invoke/LambdaForm$MH+0x0000000801039800'
Event: 1870.450 Thread 0x000002a788aae8e0 Unloading class 0x0000000801039400 'java/lang/invoke/LambdaForm$MH+0x0000000801039400'
Event: 1870.451 Thread 0x000002a788aae8e0 Unloading class 0x0000000801038c00 'java/lang/invoke/LambdaForm$MH+0x0000000801038c00'
Event: 1870.451 Thread 0x000002a788aae8e0 Unloading class 0x0000000801038400 'java/lang/invoke/LambdaForm$MH+0x0000000801038400'
Event: 1870.451 Thread 0x000002a788aae8e0 Unloading class 0x000000080101b000 'java/lang/invoke/LambdaForm$MH+0x000000080101b000'
Event: 3157.372 Thread 0x000002a788aae8e0 Unloading class 0x00000008019d4800 'java/lang/invoke/LambdaForm$MH+0x00000008019d4800'
Event: 4628.502 Thread 0x000002a788aae8e0 Unloading class 0x00000008019d4800 'java/lang/invoke/LambdaForm$MH+0x00000008019d4800'

Classes redefined (0 events):
No events

Internal exceptions (20 events):
Event: 113.224 Thread 0x000002a7aa212740 Exception <a 'java/lang/NoSuchMethodError'{0x00000000c3aafa00}: 'java.lang.Object java.lang.invoke.DirectMethodHandle$Holder.invokeStatic(java.lang.Object, int, int)'> (0x00000000c3aafa00) 
thrown [s\open\src\hotspot\share\interpreter\linkResolver.cpp, line 773]
Event: 113.542 Thread 0x000002a7aa212740 Exception <a 'java/lang/NoSuchMethodError'{0x00000000c459b700}: 'java.lang.Object java.lang.invoke.DirectMethodHandle$Holder.invokeInterface(java.lang.Object, java.lang.Object, java.lang.Object, java.lang.Object)'> (0x00000000c459b700) 
thrown [s\open\src\hotspot\share\interpreter\linkResolver.cpp, line 773]
Event: 163.990 Thread 0x000002a7aa29dad0 Implicit null exception at 0x000002a79a08d551 to 0x000002a79a08d744
Event: 163.991 Thread 0x000002a7aa29dad0 Exception <a 'java/lang/NoSuchMethodError'{0x00000000c3bc26f0}: 'long java.lang.invoke.DirectMethodHandle$Holder.invokeStatic(java.lang.Object, java.lang.Object, int)'> (0x00000000c3bc26f0) 
thrown [s\open\src\hotspot\share\interpreter\linkResolver.cpp, line 773]
Event: 164.063 Thread 0x000002a7aa29dad0 Implicit null exception at 0x000002a799eee140 to 0x000002a799eee167
Event: 164.759 Thread 0x000002a7aa29dad0 Exception <a 'java/lang/NoSuchMethodError'{0x00000000c53f7c38}: 'int java.lang.invoke.DirectMethodHandle$Holder.invokeStatic(java.lang.Object, java.lang.Object, int, int)'> (0x00000000c53f7c38) 
thrown [s\open\src\hotspot\share\interpreter\linkResolver.cpp, line 773]
Event: 166.178 Thread 0x000002a7aa29e020 Exception <a 'java/lang/NoSuchMethodError'{0x00000000c4a825a8}: 'void java.lang.invoke.Invokers$Holder.invokeExact_MT(java.lang.Object, java.lang.Object, int, java.lang.Object)'> (0x00000000c4a825a8) 
thrown [s\open\src\hotspot\share\interpreter\linkResolver.cpp, line 773]
Event: 211.191 Thread 0x000002a7aa2a0ff0 Exception <a 'java/lang/IncompatibleClassChangeError'{0x00000000c478bd28}: Found class java.lang.Object, but interface was expected> (0x00000000c478bd28) 
thrown [s\open\src\hotspot\share\interpreter\linkResolver.cpp, line 840]
Event: 347.910 Thread 0x000002a7aa29d030 Exception <a 'java/lang/NoSuchMethodError'{0x00000000c3e44af8}: 'java.lang.Object java.lang.invoke.DirectMethodHandle$Holder.invokeInterface(java.lang.Object, java.lang.Object, java.lang.Object, java.lang.Object, java.lang.Object)'> (0x00000000c3e44af8) 
thrown [s\open\src\hotspot\share\interpreter\linkResolver.cpp, line 773]
Event: 347.968 Thread 0x000002a7aa29d030 Exception <a 'java/lang/NoSuchMethodError'{0x00000000c3e8fa50}: 'void java.lang.invoke.DirectMethodHandle$Holder.invokeSpecialIFC(java.lang.Object, java.lang.Object, int, java.lang.Object, java.lang.Object, java.lang.Object, java.lang.Object)'> (0x00000000c3e8fa50) 
thrown [s\open\src\hotspot\share\interpreter\linkResolver.cpp, line 773]
Event: 1782.779 Thread 0x000002a7aa29eac0 Implicit null exception at 0x000002a799ef7380 to 0x000002a799ef745d
Event: 1784.853 Thread 0x000002a7aa29c040 Exception <a 'java/io/IOException'{0x00000000c43aaf48}> (0x00000000c43aaf48) 
thrown [s\open\src\hotspot\share\prims\jni.cpp, line 519]
Event: 1784.873 Thread 0x000002a7aa29c040 Exception <a 'java/io/IOException'{0x00000000c43ab598}> (0x00000000c43ab598) 
thrown [s\open\src\hotspot\share\prims\jni.cpp, line 519]
Event: 3607.184 Thread 0x000002a7aa29ab00 Exception <a 'java/io/IOException'{0x00000000cbe01368}> (0x00000000cbe01368) 
thrown [s\open\src\hotspot\share\prims\jni.cpp, line 519]
Event: 3607.197 Thread 0x000002a7aa29ab00 Exception <a 'java/io/IOException'{0x00000000cbe019b8}> (0x00000000cbe019b8) 
thrown [s\open\src\hotspot\share\prims\jni.cpp, line 519]
Event: 5321.089 Thread 0x000002a7aa2a0000 Exception <a 'java/net/SocketException'{0x00000000c783f030}: Connection reset by peer: shutdown> (0x00000000c783f030) 
thrown [s\open\src\hotspot\share\prims\jni.cpp, line 538]
Event: 5400.973 Thread 0x000002a7aa210cb0 Implicit null exception at 0x000002a799dd0a32 to 0x000002a799dd0cf4
Event: 5401.959 Thread 0x000002a7aa210cb0 Implicit null exception at 0x000002a799dd0a32 to 0x000002a799dd0cf4
Event: 5402.967 Thread 0x000002a7aa210cb0 Implicit null exception at 0x000002a799dd0a32 to 0x000002a799dd0cf4
Event: 5403.962 Thread 0x000002a7aa210cb0 Implicit null exception at 0x000002a799dd0a32 to 0x000002a799dd0cf4

VM Operations (20 events):
Event: 6065.916 Executing VM operation: G1CollectForAllocation done
Event: 6067.233 Executing VM operation: G1PauseRemark
Event: 6067.492 Executing VM operation: G1PauseRemark done
Event: 6067.623 Executing VM operation: G1PauseCleanup
Event: 6067.623 Executing VM operation: G1PauseCleanup done
Event: 6137.885 Executing VM operation: G1CollectForAllocation
Event: 6140.042 Executing VM operation: G1CollectForAllocation done
Event: 6212.310 Executing VM operation: G1CollectForAllocation
Event: 6212.408 Executing VM operation: G1CollectForAllocation done
Event: 6283.496 Executing VM operation: G1CollectForAllocation
Event: 6284.025 Executing VM operation: G1CollectForAllocation done
Event: 6355.982 Executing VM operation: G1CollectForAllocation
Event: 6356.218 Executing VM operation: G1CollectForAllocation done
Event: 6357.822 Executing VM operation: G1PauseRemark
Event: 6358.310 Executing VM operation: G1PauseRemark done
Event: 6358.491 Executing VM operation: G1PauseCleanup
Event: 6358.577 Executing VM operation: G1PauseCleanup done
Event: 6427.148 Executing VM operation: G1CollectForAllocation
Event: 6428.453 Executing VM operation: G1CollectForAllocation done
Event: 6500.424 Executing VM operation: G1CollectForAllocation

Events (20 events):
Event: 5759.796 Thread 0x000002a788aae8e0 flushing nmethod 0x000002a7923cfa90
Event: 5759.796 Thread 0x000002a788aae8e0 flushing nmethod 0x000002a7923c8510
Event: 5759.796 Thread 0x000002a788aae8e0 flushing nmethod 0x000002a7923c8110
Event: 5759.796 Thread 0x000002a788aae8e0 flushing nmethod 0x000002a792395590
Event: 5759.796 Thread 0x000002a788aae8e0 flushing nmethod 0x000002a7923c7d90
Event: 5759.796 Thread 0x000002a788aae8e0 flushing nmethod 0x000002a7923c7610
Event: 5759.796 Thread 0x000002a788aae8e0 flushing nmethod 0x000002a792386290
Event: 5759.796 Thread 0x000002a788aae8e0 flushing nmethod 0x000002a7923c4090
Event: 5759.796 Thread 0x000002a788aae8e0 flushing nmethod 0x000002a7922b9410
Event: 5759.796 Thread 0x000002a788aae8e0 flushing nmethod 0x000002a7922b9090
Event: 5759.796 Thread 0x000002a788aae8e0 flushing nmethod 0x000002a792279810
Event: 5759.797 Thread 0x000002a788aae8e0 flushing nmethod 0x000002a799dd0810
Event: 6067.479 Thread 0x000002a788aae8e0 flushing nmethod 0x000002a792e88790
Event: 6067.480 Thread 0x000002a788aae8e0 flushing nmethod 0x000002a792e87310
Event: 6067.481 Thread 0x000002a788aae8e0 flushing nmethod 0x000002a792e86090
Event: 6067.482 Thread 0x000002a788aae8e0 flushing nmethod 0x000002a79275f110
Event: 6067.489 Thread 0x000002a788aae8e0 flushing nmethod 0x000002a79275e610
Event: 6067.489 Thread 0x000002a788aae8e0 flushing nmethod 0x000002a79251c710
Event: 6358.305 Thread 0x000002a788aae8e0 flushing nmethod 0x000002a792eb4610
Event: 6358.306 Thread 0x000002a788aae8e0 flushing nmethod 0x000002a792e42090


Dynamic libraries:
0x00007ff63b090000 - 0x00007ff63b0a0000 	C:\Program Files\Java\jdk-20\bin\java.exe
0x00007ff925d50000 - 0x00007ff925f48000 	C:\WINDOWS\SYSTEM32\ntdll.dll
0x00007ff925a60000 - 0x00007ff925b1d000 	C:\WINDOWS\System32\KERNEL32.DLL
0x00007ff923590000 - 0x00007ff923886000 	C:\WINDOWS\System32\KERNELBASE.dll
0x00007ff923490000 - 0x00007ff923590000 	C:\WINDOWS\System32\ucrtbase.dll
0x00007ff8fd7e0000 - 0x00007ff8fd7f9000 	C:\Program Files\Java\jdk-20\bin\jli.dll
0x00007ff8f96a0000 - 0x00007ff8f96bb000 	C:\Program Files\Java\jdk-20\bin\VCRUNTIME140.dll
0x00007ff924270000 - 0x00007ff924323000 	C:\WINDOWS\System32\ADVAPI32.dll
0x00007ff924090000 - 0x00007ff92412e000 	C:\WINDOWS\System32\msvcrt.dll
0x00007ff924fa0000 - 0x00007ff92503f000 	C:\WINDOWS\System32\sechost.dll
0x00007ff923e90000 - 0x00007ff923fb6000 	C:\WINDOWS\System32\RPCRT4.dll
0x00007ff923890000 - 0x00007ff9238b7000 	C:\WINDOWS\System32\bcrypt.dll
0x00007ff9258c0000 - 0x00007ff925a5e000 	C:\WINDOWS\System32\USER32.dll
0x00007ff923bb0000 - 0x00007ff923bd2000 	C:\WINDOWS\System32\win32u.dll
0x00007ff909490000 - 0x00007ff90972a000 	C:\WINDOWS\WinSxS\amd64_microsoft.windows.common-controls_6595b64144ccf1df_6.0.19041.3636_none_60b6a03d71f818d5\COMCTL32.dll
0x00007ff9250f0000 - 0x00007ff92511b000 	C:\WINDOWS\System32\GDI32.dll
0x00007ff923a20000 - 0x00007ff923b37000 	C:\WINDOWS\System32\gdi32full.dll
0x00007ff923cc0000 - 0x00007ff923d5d000 	C:\WINDOWS\System32\msvcp_win.dll
0x00007ff91c9f0000 - 0x00007ff91c9fa000 	C:\WINDOWS\SYSTEM32\VERSION.dll
0x00007ff923fc0000 - 0x00007ff923ff2000 	C:\WINDOWS\System32\IMM32.DLL
0x00007ff8fece0000 - 0x00007ff8fecec000 	C:\Program Files\Java\jdk-20\bin\vcruntime140_1.dll
0x00007ff8f9610000 - 0x00007ff8f969e000 	C:\Program Files\Java\jdk-20\bin\msvcp140.dll
0x00007ff8b3da0000 - 0x00007ff8b4a37000 	C:\Program Files\Java\jdk-20\bin\server\jvm.dll
0x00007ff90cba0000 - 0x00007ff90cba9000 	C:\WINDOWS\SYSTEM32\WSOCK32.dll
0x00007ff9257f0000 - 0x00007ff92585b000 	C:\WINDOWS\System32\WS2_32.dll
0x00007ff90d290000 - 0x00007ff90d2b7000 	C:\WINDOWS\SYSTEM32\WINMM.dll
0x00007ff921be0000 - 0x00007ff921bf2000 	C:\WINDOWS\SYSTEM32\kernel.appcore.dll
0x00007ff8fe790000 - 0x00007ff8fe79a000 	C:\Program Files\Java\jdk-20\bin\jimage.dll
0x00007ff921000000 - 0x00007ff9211e4000 	C:\WINDOWS\SYSTEM32\DBGHELP.DLL
0x00007ff90fda0000 - 0x00007ff90fdd4000 	C:\WINDOWS\SYSTEM32\dbgcore.DLL
0x00007ff923be0000 - 0x00007ff923c62000 	C:\WINDOWS\System32\bcryptPrimitives.dll
0x00007ff91e520000 - 0x00007ff91e52e000 	C:\Program Files\Java\jdk-20\bin\instrument.dll
0x00007ff8f5a60000 - 0x00007ff8f5a86000 	C:\Program Files\Java\jdk-20\bin\java.dll
0x00007ff8e79d0000 - 0x00007ff8e7aa7000 	C:\Program Files\Java\jdk-20\bin\jsvml.dll
0x00007ff924720000 - 0x00007ff924e65000 	C:\WINDOWS\System32\SHELL32.dll
0x00007ff921430000 - 0x00007ff921bcc000 	C:\WINDOWS\SYSTEM32\windows.storage.dll
0x00007ff9243c0000 - 0x00007ff924714000 	C:\WINDOWS\System32\combase.dll
0x00007ff922c60000 - 0x00007ff922c8e000 	C:\WINDOWS\SYSTEM32\Wldp.dll
0x00007ff923dc0000 - 0x00007ff923e8d000 	C:\WINDOWS\System32\OLEAUT32.dll
0x00007ff925740000 - 0x00007ff9257ed000 	C:\WINDOWS\System32\SHCORE.dll
0x00007ff923d60000 - 0x00007ff923db5000 	C:\WINDOWS\System32\shlwapi.dll
0x00007ff923310000 - 0x00007ff923335000 	C:\WINDOWS\SYSTEM32\profapi.dll
0x00007ff8f8950000 - 0x00007ff8f8968000 	C:\Program Files\Java\jdk-20\bin\zip.dll
0x00007ff8f95f0000 - 0x00007ff8f9603000 	C:\Program Files\Java\jdk-20\bin\net.dll
0x00007ff91b140000 - 0x00007ff91b24a000 	C:\WINDOWS\SYSTEM32\WINHTTP.dll
0x00007ff922a40000 - 0x00007ff922aaa000 	C:\WINDOWS\system32\mswsock.dll
0x00007ff8f95d0000 - 0x00007ff8f95e6000 	C:\Program Files\Java\jdk-20\bin\nio.dll
0x00007ff918600000 - 0x00007ff91861a000 	C:\Program Files\JetBrains\IntelliJ IDEA Community Edition 2023.2\bin\breakgen64.dll
0x00007ff8fe440000 - 0x00007ff8fe447000 	C:\Program Files\Java\jdk-20\bin\extnet.dll
0x00007ff9181b0000 - 0x00007ff9181ba000 	C:\Program Files\Java\jdk-20\bin\management.dll
0x00007ff902070000 - 0x00007ff90207b000 	C:\Program Files\Java\jdk-20\bin\management_ext.dll
0x00007ff924260000 - 0x00007ff924268000 	C:\WINDOWS\System32\PSAPI.DLL
0x00007ff8fe480000 - 0x00007ff8fe48e000 	C:\Program Files\Java\jdk-20\bin\sunmscapi.dll
0x00007ff9238c0000 - 0x00007ff923a1d000 	C:\WINDOWS\System32\CRYPT32.dll
0x00007ff922cd0000 - 0x00007ff922cf8000 	C:\WINDOWS\SYSTEM32\ncrypt.dll
0x00007ff922c90000 - 0x00007ff922ccb000 	C:\WINDOWS\SYSTEM32\NTASN1.dll
0x00007ff923010000 - 0x00007ff923028000 	C:\WINDOWS\SYSTEM32\CRYPTSP.dll
0x00007ff922390000 - 0x00007ff9223c4000 	C:\WINDOWS\system32\rsaenh.dll
0x00007ff923290000 - 0x00007ff9232be000 	C:\WINDOWS\SYSTEM32\USERENV.dll
0x00007ff922bd0000 - 0x00007ff922bdc000 	C:\WINDOWS\SYSTEM32\CRYPTBASE.dll
0x00007ff922750000 - 0x00007ff92278b000 	C:\WINDOWS\SYSTEM32\IPHLPAPI.DLL
0x00007ff924080000 - 0x00007ff924088000 	C:\WINDOWS\System32\NSI.dll
0x00007ff91b8c0000 - 0x00007ff91b8d7000 	C:\WINDOWS\SYSTEM32\dhcpcsvc6.DLL
0x00007ff91bda0000 - 0x00007ff91bdbd000 	C:\WINDOWS\SYSTEM32\dhcpcsvc.DLL
0x00007ff922790000 - 0x00007ff92285b000 	C:\WINDOWS\SYSTEM32\DNSAPI.dll
0x00007ff8fd6f0000 - 0x00007ff8fd700000 	C:\Program Files\Java\jdk-20\bin\verify.dll
0x00007ff9198e0000 - 0x00007ff9198ea000 	C:\Windows\System32\rasadhlp.dll
0x00007ff9193a0000 - 0x00007ff919420000 	C:\WINDOWS\System32\fwpuclnt.dll
0x00007ff915ab0000 - 0x00007ff915ab7000 	C:\WINDOWS\system32\wshunix.dll

dbghelp: loaded successfully - version: 4.0.5 - missing functions: none
symbol engine: initialized successfully - sym options: 0x614 - pdb path: .;C:\Program Files\Java\jdk-20\bin;C:\WINDOWS\SYSTEM32;C:\WINDOWS\WinSxS\amd64_microsoft.windows.common-controls_6595b64144ccf1df_6.0.19041.3636_none_60b6a03d71f818d5;C:\Program Files\Java\jdk-20\bin\server;C:\Program Files\JetBrains\IntelliJ IDEA Community Edition 2023.2\bin

VM Arguments:
jvm_args: -javaagent:C:\Program Files\JetBrains\IntelliJ IDEA Community Edition 2023.2\lib\idea_rt.jar=1107:C:\Program Files\JetBrains\IntelliJ IDEA Community Edition 2023.2\bin -Dfile.encoding=UTF-8 -Dsun.stdout.encoding=UTF-8 -Dsun.stderr.encoding=UTF-8 
java_command: com.depotage.DepotageAppApplication
java_class_path (initial): C:\Users\ILLY\Desktop\Mes_Sites\ProjetDepotage\depotageApp\target\classes;C:\Users\ILLY\.m2\repository\org\springframework\boot\spring-boot-starter-data-jpa\3.2.1\spring-boot-starter-data-jpa-3.2.1.jar;C:\Users\ILLY\.m2\repository\org\springframework\boot\spring-boot-starter-aop\3.2.1\spring-boot-starter-aop-3.2.1.jar;C:\Users\ILLY\.m2\repository\org\aspectj\aspectjweaver\1.9.21\aspectjweaver-1.9.21.jar;C:\Users\ILLY\.m2\repository\org\springframework\boot\spring-boot-starter-jdbc\3.2.1\spring-boot-starter-jdbc-3.2.1.jar;C:\Users\ILLY\.m2\repository\com\zaxxer\HikariCP\5.0.1\HikariCP-5.0.1.jar;C:\Users\ILLY\.m2\repository\org\springframework\spring-jdbc\6.1.2\spring-jdbc-6.1.2.jar;C:\Users\ILLY\.m2\repository\org\hibernate\orm\hibernate-core\6.4.1.Final\hibernate-core-6.4.1.Final.jar;C:\Users\ILLY\.m2\repository\jakarta\persistence\jakarta.persistence-api\3.1.0\jakarta.persistence-api-3.1.0.jar;C:\Users\ILLY\.m2\repository\jakarta\transaction\jakarta.transaction-api\2.0.1\jakarta.transaction-api-2.0.1.jar;C:\Users\ILLY\.m2\repository\org\jboss\logging\jboss-logging\3.5.3.Final\jboss-logging-3.5.3.Final.jar;C:\Users\ILLY\.m2\repository\org\hibernate\common\hibernate-commons-annotations\6.0.6.Final\hibernate-commons-annotations-6.0.6.Final.jar;C:\Users\ILLY\.m2\repository\io\smallrye\jandex\3.1.2\jandex-3.1.2.jar;C:\Users\ILLY\.m2\repository\com\fasterxml\classmate\1.6.0\classmate-1.6.0.jar;C:\Users\ILLY\.m2\repository\net\bytebuddy\byte-buddy\1.14.10\byte-buddy-1.14.10.jar;C:\Users\ILLY\.m2\repository\org\glassfish\jaxb\jaxb-runtime\4.0.4\jaxb-runtime-4.0.4.jar;C:\Users\ILLY\.m2\repository\org\glassfish\jaxb\jaxb-core\4.0.4\jaxb-core-4.0.4.jar;C:\Users\ILLY\.m2\repository\org\glassfish\jaxb\txw2\4.0.4\txw2-4.0.4.jar;C:\Users\ILLY\.m2\repository\com\sun\istack\istack-commons-runtime\4.1.2\istack-commons-runtime-4.1.2.jar;C:\Users\ILLY\.m2\repository\jakarta\inject\jakarta.inject-api\2.0.1\jakarta.inject-api-2.0.1.jar;C:\Users\ILLY\.m2\repository\org\antlr\antlr4-runtime\4.13.0\antlr4-runtime-4.13.0.jar;C:\Users\ILLY\.m2\repository\org\springframework\data\spring-data-jpa\3.2.1\spring-data-jpa-3.2.1.jar;C:\Users\ILLY\.m2\repository\org\springframework\data\spring-data-commons\3.2.1\spring-data-commons-3.2.1.jar;C:\Users\ILLY\.m2\repository\org\springframework\spring-orm\6.1.2\spring-orm-6.1.2.jar;C:\Users\ILLY\.m2\repository\org\springframework\spring-context\6.1.2\spring-context-6.1.2.jar;C:\Users\ILLY\.m2\repository\org\springframework\spring-tx\6.1.2\spring-tx-6.1.2.jar;C:\Users\ILLY\.m2\repository\org\springframework\spring-beans\6.1.2\spring-beans-6.1.2.jar;C:\Users\ILLY\.m2\repository\jakarta\annotation\jakarta.annotation-api\2.1.1\jakarta.annotation-api-2.1.1.jar;C:\Users\ILLY\.m2\repository\org\slf4j\slf4j-api\2.0.9\slf4j-api-2.0.9.jar;C:\Users\ILLY\.m2\repository\org\springframework\spring-aspects\6.1.2\spring-aspects-6.1.2.jar;C:\Users\ILLY\.m2\repository\org\springframework\boot\spring-boot-starter-mail\3.2.1\spring-boot-starter-mail-3.2.1.jar;C:\Users\ILLY\.m2\repository\org\springframework\boot\spring-boot-starter\3.2.1\spring-boot-starter-3.2.1.jar;C:\Users\ILLY\.m2\repository\org\springframework\boot\spring-boot-starter-logging\3.2.1\spring-boot-starter-logging-3.2.1.jar;C:\Users\ILLY\.m2\repository\ch\qos\logback\logback-classic\1.4.14\logback-classic-1.4.14.jar;C:\Users\ILLY\.m2\repository\ch\qos\logback\logback-core\1.4.14\logback-core-1.4.14.jar;C:\Users\ILLY\.m2\repository\org\apache\logging\log4j\log4j-to-slf4j\2.21.1\log4j-to-slf4j-2.21.1.jar;C:\Users\ILLY\.m2\repository\org\apache\logging\log4j\log4j-api\2.21.1\log4j-api-2.21.1.jar;C:\Users\ILLY\.m2\repository\org\slf4j\jul-to-slf4j\2.0.9\jul-to-slf4j-2.0.9.jar;C:\Users\ILLY\.m2\repository\org\yaml\snakeyaml\2.2\snakeyaml-2.2.jar;C:\Users\ILLY\.m2\repository\org\springframework\spring-context-support\6.1.2\spring-context-support-6.1.2.jar;C:\Users\ILLY\.m2\repository\org\eclipse\angus\jakarta.mail\2.0.2\jakarta.mail-2.0.2.jar;C:\Users\ILLY\.m2\repository\jakarta\activation\jakarta.activation-api\2.1.2\jakarta.activation-api-2.1.2.jar;C:\Users\ILLY\.m2\repository\org\eclipse\angus\angus-activation\2.0.1\angus-activation-2.0.1.jar;C:\Users\ILLY\.m2\repository\org\springframework\boot\spring-boot-starter-security\3.2.1\spring-boot-starter-security-3.2.1.jar;C:\Users\ILLY\.m2\repository\org\springframework\spring-aop\6.1.2\spring-aop-6.1.2.jar;C:\Users\ILLY\.m2\repository\org\springframework\security\spring-security-config\6.2.1\spring-security-config-6.2.1.jar;C:\Users\ILLY\.m2\repository\org\springframework\security\spring-security-web\6.2.1\spring-security-web-6.2.1.jar;C:\Users\ILLY\.m2\repository\org\springframework\spring-expression\6.1.2\spring-expression-6.1.2.jar;C:\Users\ILLY\.m2\repository\org\springframework\boot\spring-boot-starter-web\3.2.1\spring-boot-starter-web-3.2.1.jar;C:\Users\ILLY\.m2\repository\org\springframework\boot\spring-boot-starter-json\3.2.1\spring-boot-starter-json-3.2.1.jar;C:\Users\ILLY\.m2\repository\com\fasterxml\jackson\datatype\jackson-datatype-jdk8\2.15.3\jackson-datatype-jdk8-2.15.3.jar;C:\Users\ILLY\.m2\repository\com\fasterxml\jackson\datatype\jackson-datatype-jsr310\2.15.3\jackson-datatype-jsr310-2.15.3.jar;C:\Users\ILLY\.m2\repository\com\fasterxml\jackson\module\jackson-module-parameter-names\2.15.3\jackson-module-parameter-names-2.15.3.jar;C:\Users\ILLY\.m2\repository\org\springframework\boot\spring-boot-starter-tomcat\3.2.1\spring-boot-starter-tomcat-3.2.1.jar;C:\Users\ILLY\.m2\repository\org\apache\tomcat\embed\tomcat-embed-core\10.1.17\tomcat-embed-core-10.1.17.jar;C:\Users\ILLY\.m2\repository\org\apache\tomcat\embed\tomcat-embed-el\10.1.17\tomcat-embed-el-10.1.17.jar;C:\Users\ILLY\.m2\repository\org\apache\tomcat\embed\tomcat-embed-websocket\10.1.17\tomcat-embed-websocket-10.1.17.jar;C:\Users\ILLY\.m2\repository\org\springframework\spring-web\6.1.2\spring-web-6.1.2.jar;C:\Users\ILLY\.m2\repository\io\micrometer\micrometer-observation\1.12.1\micrometer-observation-1.12.1.jar;C:\Users\ILLY\.m2\repository\io\micrometer\micrometer-commons\1.12.1\micrometer-commons-1.12.1.jar;C:\Users\ILLY\.m2\repository\org\springframework\spring-webmvc\6.1.2\spring-webmvc-6.1.2.jar;C:\Users\ILLY\.m2\repository\org\springframework\boot\spring-boot-devtools\3.2.1\spring-boot-devtools-3.2.1.jar;C:\Users\ILLY\.m2\repository\org\springframework\boot\spring-boot\3.2.1\spring-boot-3.2.1.jar;C:\Users\ILLY\.m2\repository\org\springframework\boot\spring-boot-autoconfigure\3.2.1\spring-boot-autoconfigure-3.2.1.jar;C:\Users\ILLY\.m2\repository\com\mysql\mysql-connector-j\8.1.0\mysql-connector-j-8.1.0.jar;C:\Users\ILLY\.m2\repository\io\jsonwebtoken\jjwt-api\0.11.5\jjwt-api-0.11.5.jar;C:\Users\ILLY\.m2\repository\io\jsonwebtoken\jjwt-impl\0.11.5\jjwt-impl-0.11.5.jar;C:\Users\ILLY\.m2\repository\io\jsonwebtoken\jjwt-jackson\0.11.5\jjwt-jackson-0.11.5.jar;C:\Users\ILLY\.m2\repository\com\fasterxml\jackson\core\jackson-databind\2.15.3\jackson-databind-2.15.3.jar;C:\Users\ILLY\.m2\repository\com\fasterxml\jackson\core\jackson-annotations\2.15.3\jackson-annotations-2.15.3.jar;C:\Users\ILLY\.m2\repository\com\fasterxml\jackson\core\jackson-core\2.15.3\jackson-core-2.15.3.jar;C:\Users\ILLY\.m2\repository\org\projectlombok\lombok\1.18.30\lombok-1.18.30.jar;C:\Users\ILLY\.m2\repository\jakarta\xml\bind\jakarta.xml.bind-api\4.0.1\jakarta.xml.bind-api-4.0.1.jar;C:\Users\ILLY\.m2\repository\org\springframework\spring-core\6.1.2\spring-core-6.1.2.jar;C:\Users\ILLY\.m2\repository\org\springframework\spring-jcl\6.1.2\spring-jcl-6.1.2.jar;C:\Users\ILLY\.m2\repository\org\springframework\security\spring-security-core\6.2.1\spring-security-core-6.2.1.jar;C:\Users\ILLY\.m2\repository\org\springframework\security\spring-security-crypto\6.2.1\spring-security-crypto-6.2.1.jar
Launcher Type: SUN_STANDARD

[Global flags]
     intx CICompilerCount                          = 3                                         {product} {ergonomic}
     uint ConcGCThreads                            = 1                                         {product} {ergonomic}
     uint G1ConcRefinementThreads                  = 4                                         {product} {ergonomic}
   size_t G1HeapRegionSize                         = 1048576                                   {product} {ergonomic}
    uintx GCDrainStackTargetSize                   = 64                                        {product} {ergonomic}
   size_t InitialHeapSize                          = 67108864                                  {product} {ergonomic}
   size_t MarkStackSize                            = 4194304                                   {product} {ergonomic}
   size_t MaxHeapSize                              = 1052770304                                {product} {ergonomic}
   size_t MaxNewSize                               = 631242752                                 {product} {ergonomic}
   size_t MinHeapDeltaBytes                        = 1048576                                   {product} {ergonomic}
   size_t MinHeapSize                              = 8388608                                   {product} {ergonomic}
    uintx NonNMethodCodeHeapSize                   = 5832780                                {pd product} {ergonomic}
    uintx NonProfiledCodeHeapSize                  = 122912730                              {pd product} {ergonomic}
    uintx ProfiledCodeHeapSize                     = 122912730                              {pd product} {ergonomic}
    uintx ReservedCodeCacheSize                    = 251658240                              {pd product} {ergonomic}
     bool SegmentedCodeCache                       = true                                      {product} {ergonomic}
   size_t SoftMaxHeapSize                          = 1052770304                             {manageable} {ergonomic}
     bool UseCompressedClassPointers               = true                           {product lp64_product} {ergonomic}
     bool UseCompressedOops                        = true                           {product lp64_product} {ergonomic}
     bool UseG1GC                                  = true                                      {product} {ergonomic}
     bool UseLargePagesIndividualAllocation        = false                                  {pd product} {ergonomic}

Logging:
Log output configuration:
 #0: stdout all=warning uptime,level,tags foldmultilines=false
 #1: stderr all=off uptime,level,tags foldmultilines=false

Environment Variables:
PATH=C:\sqlite;C:\Program Files\Common Files\Oracle\Java\javapath;C:\WINDOWS\system32;C:\WINDOWS;C:\WINDOWS\System32\Wbem;C:\WINDOWS\System32\WindowsPowerShell\v1.0\;C:\WINDOWS\System32\OpenSSH\;C:\wamp64\bin\php\php7.4.33;C:\ProgramData\ComposerSetup\bin;C:\Program Files\nodejs\;C:\Program Files\Git\cmd;C:\Users\ILLY\Downloads\Programs;C:\Program Files\Java\jdk-20\bin;C:\Users\ILLY\AppData\Local\Programs\Python\Python311\Scripts\;C:\Users\ILLY\AppData\Local\Programs\Python\Python311\;C:\Users\ILLY\AppData\Local\Microsoft\WindowsApps;;C:\Users\ILLY\AppData\Local\Programs\Microsoft VS Code\bin;C:\Users\ILLY\AppData\Roaming\Composer\vendor\bin;C:\Users\ILLY\AppData\Roaming\npm
USERNAME=ILLY
OS=Windows_NT
PROCESSOR_IDENTIFIER=Intel64 Family 6 Model 78 Stepping 3, GenuineIntel
TMP=C:\Users\ILLY\AppData\Local\Temp
TEMP=C:\Users\ILLY\AppData\Local\Temp




---------------  S Y S T E M  ---------------

OS:
 Windows 10 , 64 bit Build 19041 (10.0.19041.3636)
OS uptime: 0 days 18:13 hours
Hyper-V role detected

CPU: total 4 (initial active 4) (2 cores per cpu, 2 threads per core) family 6 model 78 stepping 3 microcode 0xcc, cx8, cmov, fxsr, ht, mmx, 3dnowpref, sse, sse2, sse3, ssse3, sse4.1, sse4.2, popcnt, lzcnt, tsc, tscinvbit, avx, avx2, aes, erms, clmul, bmi1, bmi2, adx, fma, vzeroupper, clflush, clflushopt, hv, rdtscp, f16c

Memory: 4k page, system-wide physical 4012M (292M free)
TotalPageFile size 16300M (AvailPageFile size 38M)
current process WorkingSet (physical memory assigned to process): 28M, peak: 240M
current process commit charge ("private bytes"): 374M, peak: 403M

vm_info: Java HotSpot(TM) 64-Bit Server VM (20.0.1+9-29) for windows-amd64 JRE (20.0.1+9-29), built on 2023-03-07T13:56:11Z by "mach5one" with MS VC++ 17.1 (VS2022)

END.
